{"level":"info","message":"Creating guild handler for guild {id: 869064758366732298}","timestamp":"2022-01-12T03:42:29.613Z"}
{"level":"error","message":"{error: TypeError: db.collelction is not a function} retrieving/saving data from database. Trying again in 1000 seconds...","timestamp":"2022-01-12T03:42:30.386Z"}
{"level":"error","message":"{error: TypeError: db.collelction is not a function} retrieving/saving data from database. Trying again in 10000 seconds...","timestamp":"2022-01-12T03:42:32.156Z"}
{"level":"error","message":"{error: TypeError: db.collelction is not a function} retrieving/saving data from database. Trying again in 60000 seconds...","timestamp":"2022-01-12T03:42:42.901Z"}
{"level":"info","message":"Creating guild handler for guild {id: 869064758366732298}","timestamp":"2022-01-12T03:43:33.020Z"}
{"level":"debug","message":"Checking temp folder for unsaved settings...","timestamp":"2022-01-12T03:43:34.013Z"}
{"level":"debug","message":"No unsaved data found, requesting settings from database","timestamp":"2022-01-12T03:43:34.015Z"}
{"level":"debug","message":"Guild data retrieved. {data: ","timestamp":"2022-01-12T03:43:34.105Z"}
{"level":"debug","message":"\t{configured: true}","timestamp":"2022-01-12T03:43:34.106Z"}
{"level":"debug","message":"\t{guildId: 869064758366732298}","timestamp":"2022-01-12T03:43:34.106Z"}
{"level":"debug","message":"\t{channelId: 869298234886082630}","timestamp":"2022-01-12T03:43:34.107Z"}
{"level":"debug","message":"\t{prefix: !miku }","timestamp":"2022-01-12T03:43:34.107Z"}
{"level":"debug","message":"\t{filters: }","timestamp":"2022-01-12T03:43:34.107Z"}
{"level":"debug","message":"\t{playlists: }","timestamp":"2022-01-12T03:43:34.108Z"}
{"level":"debug","message":"\t{permissions: [object Object]}","timestamp":"2022-01-12T03:43:34.108Z"}
{"level":"debug","message":"}","timestamp":"2022-01-12T03:43:34.109Z"}
{"level":"debug","message":"Saving data! First trying database...","timestamp":"2022-01-12T03:43:34.109Z"}
{"level":"error","message":"{error: TypeError: cb is not a function} retrieving/saving data from database. Trying again in 1000 seconds...","timestamp":"2022-01-12T03:43:34.111Z"}
{"level":"debug","message":"Database save successful","timestamp":"2022-01-12T03:43:34.219Z"}
{"level":"debug","message":"Checking temp folder for unsaved settings...","timestamp":"2022-01-12T03:43:35.903Z"}
{"level":"debug","message":"No unsaved data found, requesting settings from database","timestamp":"2022-01-12T03:43:35.904Z"}
{"level":"debug","message":"Guild data retrieved. {data: ","timestamp":"2022-01-12T03:43:35.970Z"}
{"level":"debug","message":"\t{configured: true}","timestamp":"2022-01-12T03:43:35.971Z"}
{"level":"debug","message":"\t{guildId: 869064758366732298}","timestamp":"2022-01-12T03:43:35.971Z"}
{"level":"debug","message":"\t{channelId: 869298234886082630}","timestamp":"2022-01-12T03:43:35.972Z"}
{"level":"debug","message":"\t{prefix: !miku }","timestamp":"2022-01-12T03:43:35.972Z"}
{"level":"debug","message":"\t{filters: }","timestamp":"2022-01-12T03:43:35.972Z"}
{"level":"debug","message":"\t{playlists: }","timestamp":"2022-01-12T03:43:35.973Z"}
{"level":"debug","message":"\t{permissions: [object Object]}","timestamp":"2022-01-12T03:43:35.973Z"}
{"level":"debug","message":"}","timestamp":"2022-01-12T03:43:35.973Z"}
{"level":"debug","message":"Saving data! First trying database...","timestamp":"2022-01-12T03:43:35.974Z"}
{"level":"error","message":"{error: TypeError: cb is not a function} retrieving/saving data from database. Trying again in 10000 seconds...","timestamp":"2022-01-12T03:43:35.975Z"}
{"level":"debug","message":"Database save successful","timestamp":"2022-01-12T03:43:36.053Z"}
{"level":"debug","message":"Checking temp folder for unsaved settings...","timestamp":"2022-01-12T03:43:46.722Z"}
{"level":"debug","message":"No unsaved data found, requesting settings from database","timestamp":"2022-01-12T03:43:46.724Z"}
{"level":"debug","message":"Guild data retrieved. {data: ","timestamp":"2022-01-12T03:43:46.791Z"}
{"level":"debug","message":"\t{configured: true}","timestamp":"2022-01-12T03:43:46.791Z"}
{"level":"debug","message":"\t{guildId: 869064758366732298}","timestamp":"2022-01-12T03:43:46.792Z"}
{"level":"debug","message":"\t{channelId: 869298234886082630}","timestamp":"2022-01-12T03:43:46.793Z"}
{"level":"debug","message":"\t{prefix: !miku }","timestamp":"2022-01-12T03:43:46.793Z"}
{"level":"debug","message":"\t{filters: }","timestamp":"2022-01-12T03:43:46.794Z"}
{"level":"debug","message":"\t{playlists: }","timestamp":"2022-01-12T03:43:46.794Z"}
{"level":"debug","message":"\t{permissions: [object Object]}","timestamp":"2022-01-12T03:43:46.795Z"}
{"level":"debug","message":"}","timestamp":"2022-01-12T03:43:46.795Z"}
{"level":"debug","message":"Saving data! First trying database...","timestamp":"2022-01-12T03:43:46.796Z"}
{"level":"error","message":"{error: TypeError: cb is not a function} retrieving/saving data from database. Trying again in 60000 seconds...","timestamp":"2022-01-12T03:43:46.797Z"}
{"level":"debug","message":"Database save successful","timestamp":"2022-01-12T03:43:46.872Z"}
{"level":"debug","message":"Checking temp folder for unsaved settings...","timestamp":"2022-01-12T03:44:47.620Z"}
{"level":"debug","message":"No unsaved data found, requesting settings from database","timestamp":"2022-01-12T03:44:47.622Z"}
{"level":"debug","message":"Guild data retrieved. {data: ","timestamp":"2022-01-12T03:44:47.696Z"}
{"level":"debug","message":"\t{configured: true}","timestamp":"2022-01-12T03:44:47.696Z"}
{"level":"debug","message":"\t{guildId: 869064758366732298}","timestamp":"2022-01-12T03:44:47.697Z"}
{"level":"debug","message":"\t{channelId: 869298234886082630}","timestamp":"2022-01-12T03:44:47.697Z"}
{"level":"debug","message":"\t{prefix: !miku }","timestamp":"2022-01-12T03:44:47.697Z"}
{"level":"debug","message":"\t{filters: }","timestamp":"2022-01-12T03:44:47.698Z"}
{"level":"debug","message":"\t{playlists: }","timestamp":"2022-01-12T03:44:47.698Z"}
{"level":"debug","message":"\t{permissions: [object Object]}","timestamp":"2022-01-12T03:44:47.698Z"}
{"level":"debug","message":"}","timestamp":"2022-01-12T03:44:47.699Z"}
{"level":"debug","message":"Saving data! First trying database...","timestamp":"2022-01-12T03:44:47.699Z"}
{"level":"error","message":"{error: TypeError: cb is not a function} retrieving/saving data from database. Trying again in 60000 seconds...","timestamp":"2022-01-12T03:44:47.700Z"}
{"level":"debug","message":"Database save successful","timestamp":"2022-01-12T03:44:47.769Z"}
{"level":"info","message":"Creating guild handler for guild {id: 869064758366732298}","timestamp":"2022-01-12T03:45:55.358Z"}
{"level":"debug","message":"Checking temp folder for unsaved settings...","timestamp":"2022-01-12T03:45:56.225Z"}
{"level":"debug","message":"No unsaved data found, requesting settings from database","timestamp":"2022-01-12T03:45:56.226Z"}
{"level":"debug","message":"Guild data retrieved. {data: ","timestamp":"2022-01-12T03:45:56.296Z"}
{"level":"debug","message":"\t{configured: true}","timestamp":"2022-01-12T03:45:56.297Z"}
{"level":"debug","message":"\t{guildId: \"869064758366732298\"}","timestamp":"2022-01-12T03:45:56.298Z"}
{"level":"debug","message":"\t{channelId: \"869298234886082630\"}","timestamp":"2022-01-12T03:45:56.298Z"}
{"level":"debug","message":"\t{prefix: \"!miku \"}","timestamp":"2022-01-12T03:45:56.298Z"}
{"level":"debug","message":"\t{filters: []}","timestamp":"2022-01-12T03:45:56.299Z"}
{"level":"debug","message":"\t{playlists: []}","timestamp":"2022-01-12T03:45:56.299Z"}
{"level":"debug","message":"\t{permissions: {}}","timestamp":"2022-01-12T03:45:56.300Z"}
{"level":"debug","message":"}","timestamp":"2022-01-12T03:45:56.300Z"}
{"level":"debug","message":"Saving data! First trying database...","timestamp":"2022-01-12T03:45:56.301Z"}
{"level":"info","message":"Guild data ready, logging in to discord...","timestamp":"2022-01-12T03:45:56.302Z"}
{"level":"debug","message":"Database save successful","timestamp":"2022-01-12T03:45:56.374Z"}
{"level":"info","message":"Creating guild handler for guild {id: 869064758366732298}","timestamp":"2022-01-12T03:55:27.835Z"}
{"level":"error","message":"{error: TypeError: Cannot read properties of undefined (reading 'startTimer')} retrieving/saving data from database. Trying again in 1000 seconds...","timestamp":"2022-01-12T03:55:27.839Z"}
{"level":"error","message":"{error: TypeError: Cannot read properties of undefined (reading 'startTimer')} retrieving/saving data from database. Trying again in 10000 seconds...","timestamp":"2022-01-12T03:55:28.845Z"}
{"level":"error","message":"{error: TypeError: Cannot read properties of undefined (reading 'startTimer')} retrieving/saving data from database. Trying again in 60000 seconds...","timestamp":"2022-01-12T03:55:38.847Z"}
{"level":"info","message":"Creating guild handler for guild {id: 869064758366732298}","timestamp":"2022-01-12T03:55:55.312Z"}
{"level":"debug","message":"Connecting to mongodb database","timestamp":"2022-01-12T03:55:55.316Z"}
{"level":"debug","message":"Checking temp folder for unsaved settings...","timestamp":"2022-01-12T03:55:56.114Z"}
{"level":"debug","message":"No unsaved data found, requesting settings from database","timestamp":"2022-01-12T03:55:56.115Z"}
{"durationMs":869,"level":"info","timestamp":"2022-01-12T03:55:56.185Z"}
{"level":"debug","message":"Guild data retrieved. {data: ","timestamp":"2022-01-12T03:55:56.186Z"}
{"level":"debug","message":"\t{configured: true}","timestamp":"2022-01-12T03:55:56.188Z"}
{"level":"debug","message":"\t{guildId: \"869064758366732298\"}","timestamp":"2022-01-12T03:55:56.188Z"}
{"level":"debug","message":"\t{channelId: \"869298234886082630\"}","timestamp":"2022-01-12T03:55:56.189Z"}
{"level":"debug","message":"\t{prefix: \"!miku \"}","timestamp":"2022-01-12T03:55:56.190Z"}
{"level":"debug","message":"\t{filters: []}","timestamp":"2022-01-12T03:55:56.191Z"}
{"level":"debug","message":"\t{playlists: []}","timestamp":"2022-01-12T03:55:56.192Z"}
{"level":"debug","message":"\t{permissions: {}}","timestamp":"2022-01-12T03:55:56.193Z"}
{"level":"debug","message":"}","timestamp":"2022-01-12T03:55:56.194Z"}
{"level":"info","message":"Guild data ready, logging in to discord...","timestamp":"2022-01-12T03:55:56.195Z"}
{"level":"debug","message":"Saving data! First trying database...","timestamp":"2022-01-12T03:55:56.196Z"}
{"level":"debug","message":"Database save successful","timestamp":"2022-01-12T03:55:56.268Z"}
{"level":"info","message":"Creating guild handler for guild {id: 869064758366732298}","timestamp":"2022-01-12T03:56:27.807Z"}
{"level":"debug","message":"Connecting to mongodb database","timestamp":"2022-01-12T03:56:27.814Z"}
{"level":"debug","message":"Checking temp folder for unsaved settings...","timestamp":"2022-01-12T03:56:28.632Z"}
{"level":"debug","message":"No unsaved data found, requesting settings from database","timestamp":"2022-01-12T03:56:28.636Z"}
{"durationMs":899,"level":"info","timestamp":"2022-01-12T03:56:28.712Z"}
{"level":"debug","message":"Guild data retrieved. {data: ","timestamp":"2022-01-12T03:56:28.713Z"}
{"level":"debug","message":"\t{configured: true}","timestamp":"2022-01-12T03:56:28.714Z"}
{"level":"debug","message":"\t{guildId: \"869064758366732298\"}","timestamp":"2022-01-12T03:56:28.714Z"}
{"level":"debug","message":"\t{channelId: \"869298234886082630\"}","timestamp":"2022-01-12T03:56:28.715Z"}
{"level":"debug","message":"\t{prefix: \"!miku \"}","timestamp":"2022-01-12T03:56:28.715Z"}
{"level":"debug","message":"\t{filters: []}","timestamp":"2022-01-12T03:56:28.716Z"}
{"level":"debug","message":"\t{playlists: []}","timestamp":"2022-01-12T03:56:28.716Z"}
{"level":"debug","message":"\t{permissions: {}}","timestamp":"2022-01-12T03:56:28.717Z"}
{"level":"debug","message":"}","timestamp":"2022-01-12T03:56:28.717Z"}
{"level":"info","message":"Guild data ready, logging in to discord...","timestamp":"2022-01-12T03:56:28.718Z"}
{"level":"debug","message":"Saving data! First trying database...","timestamp":"2022-01-12T03:56:28.719Z"}
{"level":"debug","message":"Database save successful","timestamp":"2022-01-12T03:56:28.793Z"}
{"level":"info","message":"Creating guild handler for guild {id: 869064758366732298}","timestamp":"2022-01-12T03:59:10.529Z"}
{"level":"debug","message":"Connecting to mongodb database","timestamp":"2022-01-12T03:59:10.532Z"}
{"level":"debug","message":"Checking temp folder for unsaved settings...","timestamp":"2022-01-12T03:59:11.530Z"}
{"level":"debug","message":"No unsaved data found, requesting settings from database","timestamp":"2022-01-12T03:59:11.533Z"}
{"level":"debug","message":"Guild data retrieved. {data: ","timestamp":"2022-01-12T03:59:11.616Z"}
{"level":"debug","message":"\t{configured: true}","timestamp":"2022-01-12T03:59:11.619Z"}
{"level":"debug","message":"\t{guildId: \"869064758366732298\"}","timestamp":"2022-01-12T03:59:11.621Z"}
{"level":"debug","message":"\t{channelId: \"869298234886082630\"}","timestamp":"2022-01-12T03:59:11.622Z"}
{"level":"debug","message":"\t{prefix: \"!miku \"}","timestamp":"2022-01-12T03:59:11.625Z"}
{"level":"debug","message":"\t{filters: []}","timestamp":"2022-01-12T03:59:11.627Z"}
{"level":"debug","message":"\t{playlists: []}","timestamp":"2022-01-12T03:59:11.629Z"}
{"level":"debug","message":"\t{permissions: {}}","timestamp":"2022-01-12T03:59:11.632Z"}
{"level":"debug","message":"}","timestamp":"2022-01-12T03:59:11.634Z"}
{"level":"info","message":"Guild data ready, logging in to discord...","timestamp":"2022-01-12T03:59:11.637Z"}
{"level":"debug","message":"Saving data! First trying database...","timestamp":"2022-01-12T03:59:11.641Z"}
{"level":"debug","message":"Database save successful","timestamp":"2022-01-12T03:59:11.726Z"}
{"level":"info","message":"Creating guild handler for guild {id: 869064758366732298}","timestamp":"2022-01-12T04:00:27.483Z"}
{"level":"debug","message":"Connecting to mongodb database","timestamp":"2022-01-12T04:00:27.486Z"}
{"level":"debug","message":"Checking temp folder for unsaved settings...","timestamp":"2022-01-12T04:00:28.313Z"}
{"level":"debug","message":"No unsaved data found, requesting settings from database","timestamp":"2022-01-12T04:00:28.316Z"}
{"level":"debug","message":"Guild data retrieved. {data: ","timestamp":"2022-01-12T04:00:28.396Z"}
{"level":"debug","message":"\t{configured: true}","timestamp":"2022-01-12T04:00:28.397Z"}
{"level":"debug","message":"\t{guildId: \"869064758366732298\"}","timestamp":"2022-01-12T04:00:28.397Z"}
{"level":"debug","message":"\t{channelId: \"869298234886082630\"}","timestamp":"2022-01-12T04:00:28.398Z"}
{"level":"debug","message":"\t{prefix: \"!miku \"}","timestamp":"2022-01-12T04:00:28.398Z"}
{"level":"debug","message":"\t{filters: []}","timestamp":"2022-01-12T04:00:28.399Z"}
{"level":"debug","message":"\t{playlists: []}","timestamp":"2022-01-12T04:00:28.400Z"}
{"level":"debug","message":"\t{permissions: {}}","timestamp":"2022-01-12T04:00:28.400Z"}
{"level":"debug","message":"}","timestamp":"2022-01-12T04:00:28.401Z"}
{"level":"info","message":"Guild data ready, logging in to discord...","timestamp":"2022-01-12T04:00:28.401Z"}
{"level":"debug","message":"Saving data! First trying database...","timestamp":"2022-01-12T04:00:28.402Z"}
{"level":"debug","message":"Database save successful","timestamp":"2022-01-12T04:00:28.474Z"}
{"level":"info","message":"Creating guild handler for guild {id: 869064758366732298}","timestamp":"2022-01-12T04:00:53.631Z"}
{"level":"debug","message":"Connecting to mongodb database","timestamp":"2022-01-12T04:00:53.635Z"}
{"level":"debug","message":"Checking temp folder for unsaved settings...","timestamp":"2022-01-12T04:00:54.551Z"}
{"level":"debug","message":"No unsaved data found, requesting settings from database","timestamp":"2022-01-12T04:00:54.557Z"}
{"level":"debug","message":"Guild data retrieved. {data: ","timestamp":"2022-01-12T04:00:54.630Z"}
{"level":"debug","message":"\t{configured: true}","timestamp":"2022-01-12T04:00:54.631Z"}
{"level":"debug","message":"\t{guildId: \"869064758366732298\"}","timestamp":"2022-01-12T04:00:54.632Z"}
{"level":"debug","message":"\t{channelId: \"869298234886082630\"}","timestamp":"2022-01-12T04:00:54.633Z"}
{"level":"debug","message":"\t{prefix: \"!miku \"}","timestamp":"2022-01-12T04:00:54.634Z"}
{"level":"debug","message":"\t{filters: []}","timestamp":"2022-01-12T04:00:54.636Z"}
{"level":"debug","message":"\t{playlists: []}","timestamp":"2022-01-12T04:00:54.637Z"}
{"level":"debug","message":"\t{permissions: {}}","timestamp":"2022-01-12T04:00:54.638Z"}
{"level":"debug","message":"}","timestamp":"2022-01-12T04:00:54.639Z"}
{"level":"info","message":"Guild data ready, logging in to discord...","timestamp":"2022-01-12T04:00:54.641Z"}
{"level":"debug","message":"Saving data! First trying database...","timestamp":"2022-01-12T04:00:54.642Z"}
{"level":"debug","message":"Database save successful","timestamp":"2022-01-12T04:00:54.716Z"}
{"level":"info","message":"Creating guild handler for guild {id: 869064758366732298}","timestamp":"2022-01-12T04:01:30.472Z"}
{"level":"debug","message":"Connecting to mongodb database","timestamp":"2022-01-12T04:01:30.476Z"}
{"level":"debug","message":"Checking temp folder for unsaved settings...","timestamp":"2022-01-12T04:01:31.397Z"}
{"level":"debug","message":"No unsaved data found, requesting settings from database","timestamp":"2022-01-12T04:01:31.398Z"}
{"level":"debug","message":"Guild data retrieved. {data: ","timestamp":"2022-01-12T04:01:31.475Z"}
{"level":"debug","message":"\t{configured: true}","timestamp":"2022-01-12T04:01:31.476Z"}
{"level":"debug","message":"\t{guildId: \"869064758366732298\"}","timestamp":"2022-01-12T04:01:31.477Z"}
{"level":"debug","message":"\t{channelId: \"869298234886082630\"}","timestamp":"2022-01-12T04:01:31.477Z"}
{"level":"debug","message":"\t{prefix: \"!miku \"}","timestamp":"2022-01-12T04:01:31.477Z"}
{"level":"debug","message":"\t{filters: []}","timestamp":"2022-01-12T04:01:31.478Z"}
{"level":"debug","message":"\t{playlists: []}","timestamp":"2022-01-12T04:01:31.478Z"}
{"level":"debug","message":"\t{permissions: {}}","timestamp":"2022-01-12T04:01:31.479Z"}
{"level":"debug","message":"}","timestamp":"2022-01-12T04:01:31.479Z"}
{"level":"info","message":"Guild data ready, logging in to discord...","timestamp":"2022-01-12T04:01:31.480Z"}
{"level":"debug","message":"Saving data! First trying database...","timestamp":"2022-01-12T04:01:31.480Z"}
{"level":"debug","message":"Database save successful","timestamp":"2022-01-12T04:01:31.550Z"}
{"level":"info","message":"Creating guild handler for guild {id: 869064758366732298}","timestamp":"2022-01-12T04:03:25.942Z"}
{"level":"debug","message":"Connecting to mongodb database","timestamp":"2022-01-12T04:03:25.946Z"}
{"level":"debug","message":"Checking temp folder for unsaved settings...","timestamp":"2022-01-12T04:03:26.768Z"}
{"level":"debug","message":"No unsaved data found, requesting settings from database","timestamp":"2022-01-12T04:03:26.770Z"}
{"level":"debug","message":"Guild data retrieved. {data: ","timestamp":"2022-01-12T04:03:26.836Z"}
{"level":"debug","message":"\t{configured: true}","timestamp":"2022-01-12T04:03:26.838Z"}
{"level":"debug","message":"\t{guildId: \"869064758366732298\"}","timestamp":"2022-01-12T04:03:26.838Z"}
{"level":"debug","message":"\t{channelId: \"869298234886082630\"}","timestamp":"2022-01-12T04:03:26.839Z"}
{"level":"debug","message":"\t{prefix: \"!miku \"}","timestamp":"2022-01-12T04:03:26.839Z"}
{"level":"debug","message":"\t{filters: []}","timestamp":"2022-01-12T04:03:26.840Z"}
{"level":"debug","message":"\t{playlists: []}","timestamp":"2022-01-12T04:03:26.840Z"}
{"level":"debug","message":"\t{permissions: {}}","timestamp":"2022-01-12T04:03:26.841Z"}
{"level":"debug","message":"}","timestamp":"2022-01-12T04:03:26.842Z"}
{"level":"info","message":"Guild data ready, logging in to discord...","timestamp":"2022-01-12T04:03:26.842Z"}
{"level":"debug","message":"Saving data! First trying database...","timestamp":"2022-01-12T04:03:26.843Z"}
{"level":"debug","message":"Database save successful","timestamp":"2022-01-12T04:03:26.916Z"}
{"level":"info","message":"Creating guild handler for guild {id: 869064758366732298}","timestamp":"2022-01-12T04:03:47.148Z"}
{"level":"debug","message":"Connecting to mongodb database","timestamp":"2022-01-12T04:03:47.152Z"}
{"level":"debug","message":"Checking temp folder for unsaved settings...","timestamp":"2022-01-12T04:03:47.957Z"}
{"level":"debug","message":"No unsaved data found, requesting settings from database","timestamp":"2022-01-12T04:03:47.958Z"}
{"level":"debug","message":"Guild data retrieved. {data: ","timestamp":"2022-01-12T04:03:48.034Z"}
{"level":"debug","message":"\t{configured: true}","timestamp":"2022-01-12T04:03:48.035Z"}
{"level":"debug","message":"\t{guildId: \"869064758366732298\"}","timestamp":"2022-01-12T04:03:48.035Z"}
{"level":"debug","message":"\t{channelId: \"869298234886082630\"}","timestamp":"2022-01-12T04:03:48.036Z"}
{"level":"debug","message":"\t{prefix: \"!miku \"}","timestamp":"2022-01-12T04:03:48.036Z"}
{"level":"debug","message":"\t{filters: []}","timestamp":"2022-01-12T04:03:48.037Z"}
{"level":"debug","message":"\t{playlists: []}","timestamp":"2022-01-12T04:03:48.037Z"}
{"level":"debug","message":"\t{permissions: {}}","timestamp":"2022-01-12T04:03:48.038Z"}
{"level":"debug","message":"}","timestamp":"2022-01-12T04:03:48.038Z"}
{"level":"info","message":"Guild data ready, logging in to discord...","timestamp":"2022-01-12T04:03:48.039Z"}
{"level":"debug","message":"Saving data! First trying database...","timestamp":"2022-01-12T04:03:48.040Z"}
{"level":"debug","message":"Database save successful","timestamp":"2022-01-12T04:03:48.114Z"}
{"level":"info","message":"Creating guild handler for guild {id: 869064758366732298}","timestamp":"2022-01-12T04:05:16.472Z"}
{"level":"debug","message":"Connecting to mongodb database","timestamp":"2022-01-12T04:06:07.752Z"}
{"level":"debug","message":"Checking temp folder for unsaved settings...","timestamp":"2022-01-12T04:06:08.596Z"}
{"level":"debug","message":"No unsaved data found, requesting settings from database","timestamp":"2022-01-12T04:06:08.601Z"}
{"level":"debug","message":"Guild data retrieved. {data: ","timestamp":"2022-01-12T04:06:08.680Z"}
{"level":"debug","message":"\t{configured: true}","timestamp":"2022-01-12T04:06:08.682Z"}
{"level":"debug","message":"\t{guildId: \"869064758366732298\"}","timestamp":"2022-01-12T04:06:08.682Z"}
{"level":"debug","message":"\t{channelId: \"869298234886082630\"}","timestamp":"2022-01-12T04:06:08.683Z"}
{"level":"debug","message":"\t{prefix: \"!miku \"}","timestamp":"2022-01-12T04:06:08.683Z"}
{"level":"debug","message":"\t{filters: []}","timestamp":"2022-01-12T04:06:08.684Z"}
{"level":"debug","message":"\t{playlists: []}","timestamp":"2022-01-12T04:06:08.684Z"}
{"level":"debug","message":"\t{permissions: {}}","timestamp":"2022-01-12T04:06:08.685Z"}
{"level":"debug","message":"}","timestamp":"2022-01-12T04:06:08.686Z"}
{"level":"info","message":"Guild data ready, logging in to discord...","timestamp":"2022-01-12T04:06:08.686Z"}
{"level":"debug","message":"Saving data! First trying database...","timestamp":"2022-01-12T04:06:08.688Z"}
{"level":"debug","message":"Database save successful","timestamp":"2022-01-12T04:06:08.768Z"}
{"level":"info","message":"Creating guild handler for guild {id: 869064758366732298}","timestamp":"2022-01-12T04:06:33.357Z"}
{"level":"debug","message":"Connecting to mongodb database","timestamp":"2022-01-12T04:06:33.362Z"}
{"level":"debug","message":"Checking temp folder for unsaved settings...","timestamp":"2022-01-12T04:06:34.103Z"}
{"level":"debug","message":"No unsaved data found, requesting settings from database","timestamp":"2022-01-12T04:06:34.106Z"}
{"level":"debug","message":"Guild data retrieved. {data: ","timestamp":"2022-01-12T04:06:34.178Z"}
{"level":"debug","message":"\t{configured: true}","timestamp":"2022-01-12T04:06:34.180Z"}
{"level":"debug","message":"\t{guildId: \"869064758366732298\"}","timestamp":"2022-01-12T04:06:34.180Z"}
{"level":"debug","message":"\t{channelId: \"869298234886082630\"}","timestamp":"2022-01-12T04:06:34.181Z"}
{"level":"debug","message":"\t{prefix: \"!miku \"}","timestamp":"2022-01-12T04:06:34.182Z"}
{"level":"debug","message":"\t{filters: []}","timestamp":"2022-01-12T04:06:34.182Z"}
{"level":"debug","message":"\t{playlists: []}","timestamp":"2022-01-12T04:06:34.183Z"}
{"level":"debug","message":"\t{permissions: {}}","timestamp":"2022-01-12T04:06:34.183Z"}
{"level":"debug","message":"}","timestamp":"2022-01-12T04:06:34.184Z"}
{"level":"info","message":"Guild data ready, logging in to discord...","timestamp":"2022-01-12T04:06:34.185Z"}
{"level":"debug","message":"Saving data! First trying database...","timestamp":"2022-01-12T04:06:34.186Z"}
{"level":"debug","message":"Database save successful","timestamp":"2022-01-12T04:06:34.258Z"}
{"level":"info","message":"Creating guild handler for guild {id: 869064758366732298}","timestamp":"2022-01-12T04:06:58.677Z"}
{"level":"debug","message":"Connecting to mongodb database","timestamp":"2022-01-12T04:06:58.681Z"}
{"level":"debug","message":"Checking temp folder for unsaved settings...","timestamp":"2022-01-12T04:06:59.561Z"}
{"level":"debug","message":"No unsaved data found, requesting settings from database","timestamp":"2022-01-12T04:06:59.575Z"}
{"level":"debug","message":"Guild data retrieved. {data: ","timestamp":"2022-01-12T04:06:59.659Z"}
{"level":"debug","message":"\t{configured: true}","timestamp":"2022-01-12T04:06:59.661Z"}
{"level":"debug","message":"\t{guildId: \"869064758366732298\"}","timestamp":"2022-01-12T04:06:59.662Z"}
{"level":"debug","message":"\t{channelId: \"869298234886082630\"}","timestamp":"2022-01-12T04:06:59.662Z"}
{"level":"debug","message":"\t{prefix: \"!miku \"}","timestamp":"2022-01-12T04:06:59.663Z"}
{"level":"debug","message":"\t{filters: []}","timestamp":"2022-01-12T04:06:59.664Z"}
{"level":"debug","message":"\t{playlists: []}","timestamp":"2022-01-12T04:06:59.665Z"}
{"level":"debug","message":"\t{permissions: {}}","timestamp":"2022-01-12T04:06:59.666Z"}
{"level":"debug","message":"}","timestamp":"2022-01-12T04:06:59.667Z"}
{"level":"info","message":"Guild data ready, logging in to discord...","timestamp":"2022-01-12T04:06:59.668Z"}
{"level":"debug","message":"Saving data! First trying database...","timestamp":"2022-01-12T04:06:59.670Z"}
{"level":"debug","message":"Database save successful","timestamp":"2022-01-12T04:06:59.745Z"}
{"level":"info","message":"Creating guild handler for guild {id: 869064758366732298}","timestamp":"2022-01-12T04:11:35.217Z"}
{"level":"debug","message":"Connecting to mongodb database","timestamp":"2022-01-12T04:11:35.222Z"}
{"level":"debug","message":"Checking temp folder for unsaved settings...","timestamp":"2022-01-12T04:11:36.121Z"}
{"level":"debug","message":"No unsaved data found, requesting settings from database","timestamp":"2022-01-12T04:11:36.123Z"}
{"level":"debug","message":"Guild data retrieved. {data: ","timestamp":"2022-01-12T04:11:36.195Z"}
{"level":"debug","message":"\t{configured: true}","timestamp":"2022-01-12T04:11:36.196Z"}
{"level":"debug","message":"\t{guildId: \"869064758366732298\"}","timestamp":"2022-01-12T04:11:36.197Z"}
{"level":"debug","message":"\t{channelId: \"869298234886082630\"}","timestamp":"2022-01-12T04:11:36.197Z"}
{"level":"debug","message":"\t{prefix: \"!miku \"}","timestamp":"2022-01-12T04:11:36.198Z"}
{"level":"debug","message":"\t{filters: []}","timestamp":"2022-01-12T04:11:36.199Z"}
{"level":"debug","message":"\t{playlists: []}","timestamp":"2022-01-12T04:11:36.199Z"}
{"level":"debug","message":"\t{permissions: {}}","timestamp":"2022-01-12T04:11:36.200Z"}
{"level":"debug","message":"}","timestamp":"2022-01-12T04:11:36.200Z"}
{"level":"info","message":"Guild data ready, logging in to discord...","timestamp":"2022-01-12T04:11:36.201Z"}
{"level":"debug","message":"Saving data! First trying database...","timestamp":"2022-01-12T04:11:36.203Z"}
{"level":"debug","message":"Database save successful","timestamp":"2022-01-12T04:11:36.280Z"}
