{"level":"info","message":"Creating guild handler for guild {id: 922232335049568266}","timestamp":"2022-01-20T05:21:39.898Z"}
{"level":"debug","message":"Connecting to mongodb database","timestamp":"2022-01-20T05:21:39.904Z"}
{"level":"debug","message":"Requesting settings from database","timestamp":"2022-01-20T05:21:40.763Z"}
{"level":"error","message":"{error: TypeError: Converting circular structure to JSON\n    --> starting at object with constructor 'DerivedLogger'\n    |     property '_readableState' -> object with constructor 'ReadableState'\n    |     property 'pipes' -> object with constructor 'Array'\n    |     index 0 -> object with constructor 'DailyRotateFile'\n    --- property 'parent' closes the circle} retrieving/saving data from database. Trying again in 1000 seconds...","timestamp":"2022-01-20T05:21:40.842Z"}
{"level":"debug","message":"Connecting to mongodb database","timestamp":"2022-01-20T05:21:41.853Z"}
{"level":"debug","message":"Requesting settings from database","timestamp":"2022-01-20T05:21:42.619Z"}
{"level":"error","message":"{error: TypeError: Converting circular structure to JSON\n    --> starting at object with constructor 'DerivedLogger'\n    |     property '_readableState' -> object with constructor 'ReadableState'\n    |     property 'pipes' -> object with constructor 'Array'\n    |     index 0 -> object with constructor 'DailyRotateFile'\n    --- property 'parent' closes the circle} retrieving/saving data from database. Trying again in 10000 seconds...","timestamp":"2022-01-20T05:21:42.691Z"}
{"level":"debug","message":"Connecting to mongodb database","timestamp":"2022-01-20T05:21:52.700Z"}
{"level":"debug","message":"Requesting settings from database","timestamp":"2022-01-20T05:21:53.478Z"}
{"level":"error","message":"{error: TypeError: Converting circular structure to JSON\n    --> starting at object with constructor 'DerivedLogger'\n    |     property '_readableState' -> object with constructor 'ReadableState'\n    |     property 'pipes' -> object with constructor 'Array'\n    |     index 0 -> object with constructor 'DailyRotateFile'\n    --- property 'parent' closes the circle} retrieving/saving data from database. Trying again in 60000 seconds...","timestamp":"2022-01-20T05:21:53.544Z"}
{"level":"debug","message":"Connecting to mongodb database","timestamp":"2022-01-20T05:22:53.560Z"}
{"level":"debug","message":"Requesting settings from database","timestamp":"2022-01-20T05:22:54.411Z"}
{"level":"error","message":"{error: TypeError: Converting circular structure to JSON\n    --> starting at object with constructor 'DerivedLogger'\n    |     property '_readableState' -> object with constructor 'ReadableState'\n    |     property 'pipes' -> object with constructor 'Array'\n    |     index 0 -> object with constructor 'DailyRotateFile'\n    --- property 'parent' closes the circle} retrieving/saving data from database. Trying again in 60000 seconds...","timestamp":"2022-01-20T05:22:54.476Z"}
{"level":"debug","message":"Connecting to mongodb database","timestamp":"2022-01-20T05:23:54.482Z"}
{"level":"debug","message":"Requesting settings from database","timestamp":"2022-01-20T05:23:55.385Z"}
{"level":"error","message":"{error: TypeError: Converting circular structure to JSON\n    --> starting at object with constructor 'DerivedLogger'\n    |     property '_readableState' -> object with constructor 'ReadableState'\n    |     property 'pipes' -> object with constructor 'Array'\n    |     index 0 -> object with constructor 'DailyRotateFile'\n    --- property 'parent' closes the circle} retrieving/saving data from database. Trying again in 60000 seconds...","timestamp":"2022-01-20T05:23:55.456Z"}
{"level":"info","message":"Creating guild handler for guild {id: 922232335049568266}","timestamp":"2022-01-20T05:24:45.816Z"}
{"level":"debug","message":"Connecting to mongodb database","timestamp":"2022-01-20T05:24:45.821Z"}
{"level":"debug","message":"Requesting settings from database","timestamp":"2022-01-20T05:24:46.693Z"}
{"level":"error","message":"{error: TypeError: Converting circular structure to JSON\n    --> starting at object with constructor 'DerivedLogger'\n    |     property '_readableState' -> object with constructor 'ReadableState'\n    |     property 'pipes' -> object with constructor 'Array'\n    |     index 0 -> object with constructor 'DailyRotateFile'\n    --- property 'parent' closes the circle} retrieving/saving data from database. Trying again in 1000 seconds...","timestamp":"2022-01-20T05:24:46.774Z"}
{"level":"debug","message":"Connecting to mongodb database","timestamp":"2022-01-20T05:24:47.790Z"}
{"level":"debug","message":"Requesting settings from database","timestamp":"2022-01-20T05:25:09.692Z"}
{"level":"error","message":"{error: TypeError: Converting circular structure to JSON\n    --> starting at object with constructor 'DerivedLogger'\n    |     property '_readableState' -> object with constructor 'ReadableState'\n    |     property 'pipes' -> object with constructor 'Array'\n    |     index 0 -> object with constructor 'DailyRotateFile'\n    --- property 'parent' closes the circle} retrieving/saving data from database. Trying again in 10000 seconds...","timestamp":"2022-01-20T05:25:09.759Z"}
{"level":"debug","message":"Connecting to mongodb database","timestamp":"2022-01-20T05:25:19.772Z"}
{"level":"debug","message":"Requesting settings from database","timestamp":"2022-01-20T05:25:21.399Z"}
{"level":"error","message":"{error: TypeError: Converting circular structure to JSON\n    --> starting at object with constructor 'DerivedLogger'\n    |     property '_readableState' -> object with constructor 'ReadableState'\n    |     property 'pipes' -> object with constructor 'Array'\n    |     index 0 -> object with constructor 'DailyRotateFile'\n    --- property 'parent' closes the circle} retrieving/saving data from database. Trying again in 60000 seconds...","timestamp":"2022-01-20T05:25:21.489Z"}
{"level":"info","message":"Creating guild handler for guild {id: 922232335049568266}","timestamp":"2022-01-20T05:26:01.039Z"}
{"level":"debug","message":"Connecting to mongodb database","timestamp":"2022-01-20T05:26:01.043Z"}
{"level":"debug","message":"Requesting settings from database","timestamp":"2022-01-20T05:26:01.827Z"}
{"level":"error","message":"{error: TypeError: Converting circular structure to JSON\n    --> starting at object with constructor 'DerivedLogger'\n    |     property '_readableState' -> object with constructor 'ReadableState'\n    |     property 'pipes' -> object with constructor 'Array'\n    |     index 0 -> object with constructor 'DailyRotateFile'\n    --- property 'parent' closes the circle} retrieving/saving data from database. Trying again in 1000 seconds...","timestamp":"2022-01-20T05:26:01.912Z"}
{"level":"debug","message":"Connecting to mongodb database","timestamp":"2022-01-20T05:26:02.920Z"}
{"level":"debug","message":"Requesting settings from database","timestamp":"2022-01-20T05:26:03.703Z"}
{"level":"error","message":"{error: TypeError: Converting circular structure to JSON\n    --> starting at object with constructor 'DerivedLogger'\n    |     property '_readableState' -> object with constructor 'ReadableState'\n    |     property 'pipes' -> object with constructor 'Array'\n    |     index 0 -> object with constructor 'DailyRotateFile'\n    --- property 'parent' closes the circle} retrieving/saving data from database. Trying again in 10000 seconds...","timestamp":"2022-01-20T05:26:03.765Z"}
{"level":"info","message":"Creating guild handler for guild {id: 922232335049568266}","timestamp":"2022-01-20T05:27:16.567Z"}
{"level":"debug","message":"Connecting to mongodb database","timestamp":"2022-01-20T05:27:16.571Z"}
{"level":"debug","message":"Requesting settings from database","timestamp":"2022-01-20T05:27:17.420Z"}
{"level":"debug","message":"Guild data retrieved. {data:{\n    \"configured\": true,\n    \"guildId\": \"922232335049568266\",\n    \"channelId\": \"922232335049568270\",\n    \"prefix\": \"!miku \",\n    \"playlists\": [],\n    \"permissions\": {\n        \"set-channel\": [],\n        \"join\": [\n            \"922232335049568266\"\n        ],\n        \"play\": [\n            \"922232335049568266\"\n        ],\n        \"pause\": [\n            \"922232335049568266\"\n        ]\n    }\n}}","timestamp":"2022-01-20T05:27:17.487Z"}
{"level":"info","message":"Guild data ready, logging in to discord...","timestamp":"2022-01-20T05:27:17.490Z"}
{"level":"info","message":"Creating guild handler for guild {id: 922232335049568266}","timestamp":"2022-01-20T05:33:08.615Z"}
{"level":"debug","message":"Connecting to mongodb database","timestamp":"2022-01-20T05:33:08.620Z"}
{"level":"debug","message":"Requesting settings from database","timestamp":"2022-01-20T05:33:09.556Z"}
{"level":"debug","message":"Guild data retrieved. {data:{\n    \"configured\": true,\n    \"guildId\": \"922232335049568266\",\n    \"channelId\": \"922232335049568270\",\n    \"prefix\": \"!miku \",\n    \"playlists\": [],\n    \"permissions\": {\n        \"set-channel\": [],\n        \"join\": [\n            \"922232335049568266\"\n        ],\n        \"play\": [\n            \"922232335049568266\"\n        ],\n        \"pause\": [\n            \"922232335049568266\"\n        ]\n    }\n}}","timestamp":"2022-01-20T05:33:09.649Z"}
{"level":"info","message":"Guild data ready, logging in to discord...","timestamp":"2022-01-20T05:33:09.659Z"}
{"level":"info","message":"Creating guild handler for guild {id: 922232335049568266}","timestamp":"2022-01-20T05:34:53.121Z"}
{"level":"debug","message":"Connecting to mongodb database","timestamp":"2022-01-20T05:34:53.125Z"}
{"level":"debug","message":"Requesting settings from database","timestamp":"2022-01-20T05:34:53.907Z"}
{"level":"debug","message":"Guild data retrieved. {data:{\n    \"configured\": true,\n    \"guildId\": \"922232335049568266\",\n    \"channelId\": \"922232335049568270\",\n    \"prefix\": \"!miku \",\n    \"playlists\": [],\n    \"permissions\": {\n        \"set-channel\": [],\n        \"join\": [\n            \"922232335049568266\"\n        ],\n        \"play\": [\n            \"922232335049568266\"\n        ],\n        \"pause\": [\n            \"922232335049568266\"\n        ]\n    }\n}}","timestamp":"2022-01-20T05:34:53.976Z"}
{"level":"info","message":"Guild data ready, logging in to discord...","timestamp":"2022-01-20T05:34:53.978Z"}
{"level":"info","message":"Logged into discord, guild handler is ready!","timestamp":"2022-01-20T05:34:54.350Z"}
{"level":"debug","message":"Recieved {messageId: 933595450160861226} with {content: !miku} and {prefix: false} from {userId: 269909877202223104} in {channelId: 922232335049568270}. Determined {command: !miku}, {argument: }","timestamp":"2022-01-20T05:35:01.819Z"}
{"level":"debug","message":"Checking permissions for {messageId: 933595450160861226}","timestamp":"2022-01-20T05:35:01.824Z"}
{"level":"debug","message":"Command from {messageId: 933595450160861226} does not exist.","timestamp":"2022-01-20T05:35:01.826Z"}
{"level":"debug","message":"Sending error message with {message: <@269909877202223104> !miku is not valid command!} to {channelId: 922232335049568270}","timestamp":"2022-01-20T05:35:01.831Z"}
{"level":"debug","message":"Error message sent, {messageId: 933595451209420801}","timestamp":"2022-01-20T05:35:02.028Z"}
{"level":"debug","message":"Recieved {messageId: 933595471937695764} with {content: set-channel} and {prefix: true} from {userId: 269909877202223104} in {channelId: 922232335049568270}. Determined {command: set-channel}, {argument: }","timestamp":"2022-01-20T05:35:06.946Z"}
{"level":"debug","message":"Checking permissions for {messageId: 933595471937695764}","timestamp":"2022-01-20T05:35:06.948Z"}
{"level":"debug","message":"Command from {messageId: 933595471937695764} came from guild owner, permission allowed","timestamp":"2022-01-20T05:35:06.949Z"}
{"level":"debug","message":"Guild data: channelId set to 922232335049568270","timestamp":"2022-01-20T05:35:06.950Z"}
{"level":"debug","message":"Saving data!","timestamp":"2022-01-20T05:35:06.952Z"}
{"level":"debug","message":"Data save successful","timestamp":"2022-01-20T05:35:07.033Z"}
{"level":"debug","message":"Recieved {messageId: 933595484340224020} with {content: play} and {prefix: false} from {userId: 269909877202223104} in {channelId: 922232335049568270}. Determined {command: play}, {argument: }","timestamp":"2022-01-20T05:35:09.879Z"}
{"level":"debug","message":"Checking permissions for {messageId: 933595484340224020}","timestamp":"2022-01-20T05:35:09.880Z"}
{"level":"debug","message":"Command from {messageId: 933595484340224020} came from guild owner, permission allowed","timestamp":"2022-01-20T05:35:09.880Z"}
{"level":"debug","message":"Recieved {messageId: 933595495857795132} with {content: join} and {prefix: false} from {userId: 269909877202223104} in {channelId: 922232335049568270}. Determined {command: join}, {argument: }","timestamp":"2022-01-20T05:35:12.633Z"}
{"level":"debug","message":"Checking permissions for {messageId: 933595495857795132}","timestamp":"2022-01-20T05:35:12.634Z"}
{"level":"debug","message":"Command from {messageId: 933595495857795132} came from guild owner, permission allowed","timestamp":"2022-01-20T05:35:12.635Z"}
{"level":"info","message":"Joining {userId: 269909877202223104} in voice channel","timestamp":"2022-01-20T05:35:12.635Z"}
{"level":"debug","message":"Found that {userId: 269909877202223104} is in {channelId: 922232335049568271}","timestamp":"2022-01-20T05:35:12.636Z"}
{"level":"info","message":"Joined {userId: 269909877202223104} in {channelId: 922232335049568271}","timestamp":"2022-01-20T05:35:12.638Z"}
{"level":"debug","message":"Sending notification with {message: Joined <@269909877202223104> in General} to {channelId: 922232335049568270}","timestamp":"2022-01-20T05:35:12.639Z"}
{"level":"debug","message":"Notification message sent, {messageId: 933595496331755611}","timestamp":"2022-01-20T05:35:12.777Z"}
