{"level":"info","message":"Creating guild handler for guild {id: 869064758366732298}","timestamp":"2022-01-12T04:44:55.850Z"}
{"level":"debug","message":"Connecting to mongodb database","timestamp":"2022-01-12T04:44:55.854Z"}
{"level":"debug","message":"No unsaved data found, requesting settings from database","timestamp":"2022-01-12T04:44:56.794Z"}
{"level":"debug","message":"Guild data retrieved. {data: ","timestamp":"2022-01-12T04:44:56.869Z"}
{"level":"debug","message":"\t{configured: true}","timestamp":"2022-01-12T04:44:56.870Z"}
{"level":"debug","message":"\t{guildId: \"869064758366732298\"}","timestamp":"2022-01-12T04:44:56.871Z"}
{"level":"debug","message":"\t{channelId: \"869298234886082630\"}","timestamp":"2022-01-12T04:44:56.871Z"}
{"level":"debug","message":"\t{prefix: \"!miku \"}","timestamp":"2022-01-12T04:44:56.872Z"}
{"level":"debug","message":"\t{filters: []}","timestamp":"2022-01-12T04:44:56.872Z"}
{"level":"debug","message":"\t{playlists: []}","timestamp":"2022-01-12T04:44:56.873Z"}
{"level":"debug","message":"\t{permissions: {}}","timestamp":"2022-01-12T04:44:56.873Z"}
{"level":"debug","message":"}","timestamp":"2022-01-12T04:44:56.874Z"}
{"level":"info","message":"Guild data ready, logging in to discord...","timestamp":"2022-01-12T04:44:56.874Z"}
{"level":"debug","message":"Saving data!","timestamp":"2022-01-12T04:44:56.876Z"}
{"level":"debug","message":"Data save successful","timestamp":"2022-01-12T04:44:56.959Z"}
{"level":"info","message":"Logged into discord, guild handler is ready!","timestamp":"2022-01-12T04:44:57.261Z"}
{"level":"debug","message":"Recieved {messageId: 930683794309152859} with {content: join} from {userId: 924810105243971665} in {channelId: 869298234886082630}. Determined {command: join}, {argument: }","timestamp":"2022-01-12T04:45:08.243Z"}
{"level":"info","message":"Creating guild handler for guild {id: 869064758366732298}","timestamp":"2022-01-12T04:49:58.104Z"}
{"level":"debug","message":"Connecting to mongodb database","timestamp":"2022-01-12T04:49:58.110Z"}
{"level":"debug","message":"No unsaved data found, requesting settings from database","timestamp":"2022-01-12T04:49:58.956Z"}
{"level":"debug","message":"Guild data retrieved. {data: ","timestamp":"2022-01-12T04:49:59.024Z"}
{"level":"debug","message":"\t{configured: true}","timestamp":"2022-01-12T04:49:59.025Z"}
{"level":"debug","message":"\t{guildId: \"869064758366732298\"}","timestamp":"2022-01-12T04:49:59.026Z"}
{"level":"debug","message":"\t{channelId: \"869298234886082630\"}","timestamp":"2022-01-12T04:49:59.026Z"}
{"level":"debug","message":"\t{prefix: \"!miku \"}","timestamp":"2022-01-12T04:49:59.027Z"}
{"level":"debug","message":"\t{filters: []}","timestamp":"2022-01-12T04:49:59.027Z"}
{"level":"debug","message":"\t{playlists: []}","timestamp":"2022-01-12T04:49:59.027Z"}
{"level":"debug","message":"\t{permissions: {}}","timestamp":"2022-01-12T04:49:59.028Z"}
{"level":"debug","message":"}","timestamp":"2022-01-12T04:49:59.028Z"}
{"level":"info","message":"Guild data ready, logging in to discord...","timestamp":"2022-01-12T04:49:59.029Z"}
{"level":"debug","message":"Saving data!","timestamp":"2022-01-12T04:49:59.029Z"}
{"level":"debug","message":"Data save successful","timestamp":"2022-01-12T04:49:59.101Z"}
{"level":"info","message":"Logged into discord, guild handler is ready!","timestamp":"2022-01-12T04:49:59.409Z"}
{"level":"debug","message":"Recieved {messageId: 930685021210181672} with {content: join} from {userId: 924810105243971665} in {channelId: 869298234886082630}. Determined {command: join}, {argument: }","timestamp":"2022-01-12T04:50:00.745Z"}
{"level":"debug","message":"Sending notification with {message: <@924810105243971665> You don't have permission to use the \"join\" command!} to {channelId: 869298234886082630}","timestamp":"2022-01-12T04:50:00.748Z"}
{"level":"debug","message":"Permission rejected to command with {messageId: 930685021210181672}","timestamp":"2022-01-12T04:50:00.750Z"}
{"level":"debug","message":"Error message sent, {messageId: 930685021705089024}","timestamp":"2022-01-12T04:50:00.868Z"}
{"level":"info","message":"Creating guild handler for guild {id: 869064758366732298}","timestamp":"2022-01-12T04:50:36.295Z"}
{"level":"debug","message":"Connecting to mongodb database","timestamp":"2022-01-12T04:50:36.300Z"}
{"level":"debug","message":"No unsaved data found, requesting settings from database","timestamp":"2022-01-12T04:50:37.109Z"}
{"level":"debug","message":"Guild data retrieved. {data: ","timestamp":"2022-01-12T04:50:37.197Z"}
{"level":"debug","message":"\t{configured: true}","timestamp":"2022-01-12T04:50:37.198Z"}
{"level":"debug","message":"\t{guildId: \"869064758366732298\"}","timestamp":"2022-01-12T04:50:37.200Z"}
{"level":"debug","message":"\t{channelId: \"869298234886082630\"}","timestamp":"2022-01-12T04:50:37.201Z"}
{"level":"debug","message":"\t{prefix: \"!miku \"}","timestamp":"2022-01-12T04:50:37.202Z"}
{"level":"debug","message":"\t{filters: []}","timestamp":"2022-01-12T04:50:37.203Z"}
{"level":"debug","message":"\t{playlists: []}","timestamp":"2022-01-12T04:50:37.205Z"}
{"level":"debug","message":"\t{permissions: {}}","timestamp":"2022-01-12T04:50:37.206Z"}
{"level":"debug","message":"}","timestamp":"2022-01-12T04:50:37.208Z"}
{"level":"info","message":"Guild data ready, logging in to discord...","timestamp":"2022-01-12T04:50:37.209Z"}
{"level":"debug","message":"Saving data!","timestamp":"2022-01-12T04:50:37.212Z"}
{"level":"debug","message":"Data save successful","timestamp":"2022-01-12T04:50:37.289Z"}
{"level":"info","message":"Logged into discord, guild handler is ready!","timestamp":"2022-01-12T04:50:37.557Z"}
{"level":"debug","message":"Recieved {messageId: 930685190051872798} with {content: join} from {userId: 924810105243971665} in {channelId: 869298234886082630}. Determined {command: join}, {argument: }","timestamp":"2022-01-12T04:50:40.996Z"}
{"level":"debug","message":"Sending notification with {message: <@924810105243971665> You don't have permission to use the \"join\" command!} to {channelId: 869298234886082630}","timestamp":"2022-01-12T04:50:40.999Z"}
{"level":"debug","message":"Permission rejected to command with {messageId: 930685190051872798}","timestamp":"2022-01-12T04:50:41.002Z"}
{"level":"debug","message":"Error message sent, {messageId: 930685190173515877}","timestamp":"2022-01-12T04:50:41.155Z"}
{"level":"info","message":"Creating guild handler for guild {id: 869064758366732298}","timestamp":"2022-01-12T04:51:31.430Z"}
{"level":"debug","message":"Connecting to mongodb database","timestamp":"2022-01-12T04:51:31.434Z"}
{"level":"debug","message":"No unsaved data found, requesting settings from database","timestamp":"2022-01-12T04:51:32.278Z"}
{"level":"debug","message":"Guild data retrieved. {data: ","timestamp":"2022-01-12T04:51:32.344Z"}
{"level":"debug","message":"\t{configured: true}","timestamp":"2022-01-12T04:51:32.345Z"}
{"level":"debug","message":"\t{guildId: \"869064758366732298\"}","timestamp":"2022-01-12T04:51:32.346Z"}
{"level":"debug","message":"\t{channelId: \"869298234886082630\"}","timestamp":"2022-01-12T04:51:32.346Z"}
{"level":"debug","message":"\t{prefix: \"!miku \"}","timestamp":"2022-01-12T04:51:32.347Z"}
{"level":"debug","message":"\t{filters: []}","timestamp":"2022-01-12T04:51:32.347Z"}
{"level":"debug","message":"\t{playlists: []}","timestamp":"2022-01-12T04:51:32.348Z"}
{"level":"debug","message":"\t{permissions: {}}","timestamp":"2022-01-12T04:51:32.348Z"}
{"level":"debug","message":"}","timestamp":"2022-01-12T04:51:32.349Z"}
{"level":"info","message":"Guild data ready, logging in to discord...","timestamp":"2022-01-12T04:51:32.349Z"}
{"level":"debug","message":"Saving data!","timestamp":"2022-01-12T04:51:32.352Z"}
{"level":"debug","message":"Data save successful","timestamp":"2022-01-12T04:51:32.424Z"}
{"level":"info","message":"Creating guild handler for guild {id: 869064758366732298}","timestamp":"2022-01-12T04:53:25.962Z"}
{"level":"debug","message":"Connecting to mongodb database","timestamp":"2022-01-12T04:53:25.968Z"}
{"level":"debug","message":"No unsaved data found, requesting settings from database","timestamp":"2022-01-12T04:53:26.772Z"}
{"level":"debug","message":"Guild data retrieved. {data: ","timestamp":"2022-01-12T04:53:26.843Z"}
{"level":"debug","message":"\t{configured: true}","timestamp":"2022-01-12T04:53:26.844Z"}
{"level":"debug","message":"\t{guildId: \"869064758366732298\"}","timestamp":"2022-01-12T04:53:26.845Z"}
{"level":"debug","message":"\t{channelId: \"869298234886082630\"}","timestamp":"2022-01-12T04:53:26.846Z"}
{"level":"debug","message":"\t{prefix: \"!miku \"}","timestamp":"2022-01-12T04:53:26.847Z"}
{"level":"debug","message":"\t{filters: []}","timestamp":"2022-01-12T04:53:26.848Z"}
{"level":"debug","message":"\t{playlists: []}","timestamp":"2022-01-12T04:53:26.849Z"}
{"level":"debug","message":"\t{permissions: {}}","timestamp":"2022-01-12T04:53:26.849Z"}
{"level":"debug","message":"}","timestamp":"2022-01-12T04:53:26.850Z"}
{"level":"info","message":"Guild data ready, logging in to discord...","timestamp":"2022-01-12T04:53:26.851Z"}
{"level":"debug","message":"Saving data!","timestamp":"2022-01-12T04:53:26.854Z"}
{"level":"debug","message":"Data save successful","timestamp":"2022-01-12T04:53:26.929Z"}
{"level":"info","message":"Creating guild handler for guild {id: 869064758366732298}","timestamp":"2022-01-12T04:55:02.747Z"}
{"level":"debug","message":"Connecting to mongodb database","timestamp":"2022-01-12T04:55:02.751Z"}
{"level":"debug","message":"No unsaved data found, requesting settings from database","timestamp":"2022-01-12T04:55:03.583Z"}
{"level":"info","message":"No guild data found, using defaults","timestamp":"2022-01-12T04:55:03.657Z"}
{"level":"info","message":"Guild data ready, logging in to discord...","timestamp":"2022-01-12T04:55:03.745Z"}
{"level":"debug","message":"Saving data!","timestamp":"2022-01-12T04:55:03.747Z"}
{"level":"debug","message":"Data save successful","timestamp":"2022-01-12T04:55:03.816Z"}
{"level":"info","message":"Logged into discord, guild handler is ready!","timestamp":"2022-01-12T04:55:04.039Z"}
{"level":"info","message":"This guild has not been configured, running setup...","timestamp":"2022-01-12T04:55:04.040Z"}
{"level":"debug","message":"Found default channel with {id: 869298234886082630} to send setup message to","timestamp":"2022-01-12T04:55:04.041Z"}
{"level":"debug","message":"Setup message sent, {messageId: 930686293741015050}","timestamp":"2022-01-12T04:55:04.150Z"}
{"level":"debug","message":"Recieved {messageId: 930686328721539073} with {content: set-channel} from {userId: 269909877202223104} in {channelId: 869298234886082630}. Determined {command: set-channel}, {argument: }","timestamp":"2022-01-12T04:55:12.530Z"}
{"level":"info","message":"Creating guild handler for guild {id: 869064758366732298}","timestamp":"2022-01-12T04:57:23.612Z"}
{"level":"debug","message":"Connecting to mongodb database","timestamp":"2022-01-12T04:57:23.616Z"}
{"level":"debug","message":"No unsaved data found, requesting settings from database","timestamp":"2022-01-12T04:57:24.606Z"}
{"level":"debug","message":"Guild data retrieved. {data: ","timestamp":"2022-01-12T04:57:24.685Z"}
{"level":"debug","message":"\t{configured: false}","timestamp":"2022-01-12T04:57:24.687Z"}
{"level":"debug","message":"\t{guildId: \"869064758366732298\"}","timestamp":"2022-01-12T04:57:24.687Z"}
{"level":"debug","message":"\t{channelId: null}","timestamp":"2022-01-12T04:57:24.688Z"}
{"level":"debug","message":"\t{prefix: \"!miku \"}","timestamp":"2022-01-12T04:57:24.689Z"}
{"level":"debug","message":"\t{filters: []}","timestamp":"2022-01-12T04:57:24.690Z"}
{"level":"debug","message":"\t{playlists: []}","timestamp":"2022-01-12T04:57:24.691Z"}
{"level":"debug","message":"\t{permissions: {}}","timestamp":"2022-01-12T04:57:24.691Z"}
{"level":"debug","message":"}","timestamp":"2022-01-12T04:57:24.692Z"}
{"level":"info","message":"Guild data ready, logging in to discord...","timestamp":"2022-01-12T04:57:24.693Z"}
{"level":"debug","message":"Saving data!","timestamp":"2022-01-12T04:57:24.694Z"}
{"level":"debug","message":"Data save successful","timestamp":"2022-01-12T04:57:24.770Z"}
{"level":"info","message":"Logged into discord, guild handler is ready!","timestamp":"2022-01-12T04:57:25.071Z"}
{"level":"info","message":"This guild has not been configured, running setup...","timestamp":"2022-01-12T04:57:25.071Z"}
{"level":"debug","message":"Found default channel with {id: 869298234886082630} to send setup message to","timestamp":"2022-01-12T04:57:25.072Z"}
{"level":"debug","message":"Setup message sent, {messageId: 930686885066571787}","timestamp":"2022-01-12T04:57:25.191Z"}
{"level":"info","message":"Creating guild handler for guild {id: 869064758366732298}","timestamp":"2022-01-12T04:58:12.521Z"}
{"level":"debug","message":"Connecting to mongodb database","timestamp":"2022-01-12T04:58:12.526Z"}
{"level":"debug","message":"No unsaved data found, requesting settings from database","timestamp":"2022-01-12T04:58:13.331Z"}
{"level":"debug","message":"Guild data retrieved. {data: ","timestamp":"2022-01-12T04:58:13.400Z"}
{"level":"debug","message":"\t{configured: false}","timestamp":"2022-01-12T04:58:13.402Z"}
{"level":"debug","message":"\t{guildId: \"869064758366732298\"}","timestamp":"2022-01-12T04:58:13.402Z"}
{"level":"debug","message":"\t{channelId: null}","timestamp":"2022-01-12T04:58:13.403Z"}
{"level":"debug","message":"\t{prefix: \"!miku \"}","timestamp":"2022-01-12T04:58:13.403Z"}
{"level":"debug","message":"\t{filters: []}","timestamp":"2022-01-12T04:58:13.403Z"}
{"level":"debug","message":"\t{playlists: []}","timestamp":"2022-01-12T04:58:13.404Z"}
{"level":"debug","message":"\t{permissions: {}}","timestamp":"2022-01-12T04:58:13.404Z"}
{"level":"debug","message":"}","timestamp":"2022-01-12T04:58:13.405Z"}
{"level":"info","message":"Guild data ready, logging in to discord...","timestamp":"2022-01-12T04:58:13.406Z"}
{"level":"debug","message":"Saving data!","timestamp":"2022-01-12T04:58:13.407Z"}
{"level":"debug","message":"Data save successful","timestamp":"2022-01-12T04:58:13.486Z"}
{"level":"info","message":"Logged into discord, guild handler is ready!","timestamp":"2022-01-12T04:58:40.461Z"}
{"level":"info","message":"Creating guild handler for guild {id: 869064758366732298}","timestamp":"2022-01-12T04:59:14.474Z"}
{"level":"debug","message":"Connecting to mongodb database","timestamp":"2022-01-12T04:59:14.484Z"}
{"level":"debug","message":"No unsaved data found, requesting settings from database","timestamp":"2022-01-12T04:59:15.283Z"}
{"level":"debug","message":"Guild data retrieved. {data: ","timestamp":"2022-01-12T04:59:15.352Z"}
{"level":"debug","message":"\t{configured: false}","timestamp":"2022-01-12T04:59:15.353Z"}
{"level":"debug","message":"\t{guildId: \"869064758366732298\"}","timestamp":"2022-01-12T04:59:15.354Z"}
{"level":"debug","message":"\t{channelId: null}","timestamp":"2022-01-12T04:59:15.354Z"}
{"level":"debug","message":"\t{prefix: \"!miku \"}","timestamp":"2022-01-12T04:59:15.355Z"}
{"level":"debug","message":"\t{filters: []}","timestamp":"2022-01-12T04:59:15.355Z"}
{"level":"debug","message":"\t{playlists: []}","timestamp":"2022-01-12T04:59:15.355Z"}
{"level":"debug","message":"\t{permissions: {}}","timestamp":"2022-01-12T04:59:15.356Z"}
{"level":"debug","message":"}","timestamp":"2022-01-12T04:59:15.356Z"}
{"level":"info","message":"Guild data ready, logging in to discord...","timestamp":"2022-01-12T04:59:15.357Z"}
{"level":"debug","message":"Saving data!","timestamp":"2022-01-12T04:59:15.358Z"}
{"level":"debug","message":"Data save successful","timestamp":"2022-01-12T04:59:15.430Z"}
{"level":"info","message":"Logged into discord, guild handler is ready!","timestamp":"2022-01-12T04:59:15.728Z"}
{"level":"info","message":"This guild has not been configured, running setup...","timestamp":"2022-01-12T04:59:15.729Z"}
{"level":"debug","message":"Found default channel with {id: 869298234886082630} to send setup message to","timestamp":"2022-01-12T04:59:15.729Z"}
{"level":"debug","message":"Setup message sent, {messageId: 930687349292146769}","timestamp":"2022-01-12T04:59:15.904Z"}
{"level":"info","message":"Creating guild handler for guild {id: 869064758366732298}","timestamp":"2022-01-12T05:00:43.392Z"}
{"level":"debug","message":"Connecting to mongodb database","timestamp":"2022-01-12T05:00:43.398Z"}
{"level":"debug","message":"No unsaved data found, requesting settings from database","timestamp":"2022-01-12T05:00:44.216Z"}
{"level":"debug","message":"Guild data retrieved. {data: ","timestamp":"2022-01-12T05:00:44.301Z"}
{"level":"debug","message":"\t{configured: false}","timestamp":"2022-01-12T05:00:44.302Z"}
{"level":"debug","message":"\t{guildId: \"869064758366732298\"}","timestamp":"2022-01-12T05:00:44.303Z"}
{"level":"debug","message":"\t{channelId: null}","timestamp":"2022-01-12T05:00:44.303Z"}
{"level":"debug","message":"\t{prefix: \"!miku \"}","timestamp":"2022-01-12T05:00:44.303Z"}
{"level":"debug","message":"\t{filters: []}","timestamp":"2022-01-12T05:00:44.304Z"}
{"level":"debug","message":"\t{playlists: []}","timestamp":"2022-01-12T05:00:44.304Z"}
{"level":"debug","message":"\t{permissions: {}}","timestamp":"2022-01-12T05:00:44.305Z"}
{"level":"debug","message":"}","timestamp":"2022-01-12T05:00:44.305Z"}
{"level":"info","message":"Guild data ready, logging in to discord...","timestamp":"2022-01-12T05:00:44.306Z"}
{"level":"debug","message":"Saving data!","timestamp":"2022-01-12T05:00:44.307Z"}
{"level":"debug","message":"Data save successful","timestamp":"2022-01-12T05:00:44.376Z"}
{"level":"info","message":"Guild permissions have not been set, setting defaults.","timestamp":"2022-01-12T05:00:44.782Z"}
{"level":"info","message":"Creating guild handler for guild {id: 869064758366732298}","timestamp":"2022-01-12T05:02:30.729Z"}
{"level":"debug","message":"Connecting to mongodb database","timestamp":"2022-01-12T05:02:30.733Z"}
{"level":"debug","message":"No unsaved data found, requesting settings from database","timestamp":"2022-01-12T05:02:31.785Z"}
{"level":"debug","message":"Guild data retrieved. {data: ","timestamp":"2022-01-12T05:02:31.863Z"}
{"level":"debug","message":"\t{configured: false}","timestamp":"2022-01-12T05:02:31.864Z"}
{"level":"debug","message":"\t{guildId: \"869064758366732298\"}","timestamp":"2022-01-12T05:02:31.865Z"}
{"level":"debug","message":"\t{channelId: null}","timestamp":"2022-01-12T05:02:31.865Z"}
{"level":"debug","message":"\t{prefix: \"!miku \"}","timestamp":"2022-01-12T05:02:31.866Z"}
{"level":"debug","message":"\t{filters: []}","timestamp":"2022-01-12T05:02:31.866Z"}
{"level":"debug","message":"\t{playlists: []}","timestamp":"2022-01-12T05:02:31.867Z"}
{"level":"debug","message":"\t{permissions: {}}","timestamp":"2022-01-12T05:02:31.868Z"}
{"level":"debug","message":"}","timestamp":"2022-01-12T05:02:31.868Z"}
{"level":"info","message":"Guild data ready, logging in to discord...","timestamp":"2022-01-12T05:02:31.869Z"}
{"level":"debug","message":"Saving data!","timestamp":"2022-01-12T05:02:31.870Z"}
{"level":"debug","message":"Data save successful","timestamp":"2022-01-12T05:02:31.944Z"}
{"level":"info","message":"Guild permissions have not been set, setting defaults.","timestamp":"2022-01-12T05:02:32.271Z"}
{"level":"info","message":"Creating guild handler for guild {id: 869064758366732298}","timestamp":"2022-01-12T05:03:29.755Z"}
{"level":"debug","message":"Connecting to mongodb database","timestamp":"2022-01-12T05:03:29.758Z"}
{"level":"debug","message":"No unsaved data found, requesting settings from database","timestamp":"2022-01-12T05:03:30.595Z"}
{"level":"debug","message":"Guild data retrieved. {data: ","timestamp":"2022-01-12T05:03:30.678Z"}
{"level":"debug","message":"\t{configured: false}","timestamp":"2022-01-12T05:03:30.682Z"}
{"level":"debug","message":"\t{guildId: \"869064758366732298\"}","timestamp":"2022-01-12T05:03:30.684Z"}
{"level":"debug","message":"\t{channelId: null}","timestamp":"2022-01-12T05:03:30.686Z"}
{"level":"debug","message":"\t{prefix: \"!miku \"}","timestamp":"2022-01-12T05:03:30.687Z"}
{"level":"debug","message":"\t{filters: []}","timestamp":"2022-01-12T05:03:30.689Z"}
{"level":"debug","message":"\t{playlists: []}","timestamp":"2022-01-12T05:03:30.692Z"}
{"level":"debug","message":"\t{permissions: {}}","timestamp":"2022-01-12T05:03:30.694Z"}
{"level":"debug","message":"}","timestamp":"2022-01-12T05:03:30.697Z"}
{"level":"info","message":"Guild data ready, logging in to discord...","timestamp":"2022-01-12T05:03:30.699Z"}
{"level":"debug","message":"Saving data!","timestamp":"2022-01-12T05:03:30.703Z"}
{"level":"debug","message":"Data save successful","timestamp":"2022-01-12T05:03:30.786Z"}
{"level":"info","message":"Guild permissions have not been set, setting defaults.","timestamp":"2022-01-12T05:03:31.047Z"}
{"level":"info","message":"Creating guild handler for guild {id: 869064758366732298}","timestamp":"2022-01-12T05:03:54.196Z"}
{"level":"debug","message":"Connecting to mongodb database","timestamp":"2022-01-12T05:03:54.202Z"}
{"level":"debug","message":"No unsaved data found, requesting settings from database","timestamp":"2022-01-12T05:03:55.067Z"}
{"level":"debug","message":"Guild data retrieved. {data: ","timestamp":"2022-01-12T05:03:55.145Z"}
{"level":"debug","message":"\t{configured: false}","timestamp":"2022-01-12T05:03:55.147Z"}
{"level":"debug","message":"\t{guildId: \"869064758366732298\"}","timestamp":"2022-01-12T05:03:55.149Z"}
{"level":"debug","message":"\t{channelId: null}","timestamp":"2022-01-12T05:03:55.150Z"}
{"level":"debug","message":"\t{prefix: \"!miku \"}","timestamp":"2022-01-12T05:03:55.151Z"}
{"level":"debug","message":"\t{filters: []}","timestamp":"2022-01-12T05:03:55.152Z"}
{"level":"debug","message":"\t{playlists: []}","timestamp":"2022-01-12T05:03:55.154Z"}
{"level":"debug","message":"\t{permissions: {}}","timestamp":"2022-01-12T05:03:55.155Z"}
{"level":"debug","message":"}","timestamp":"2022-01-12T05:03:55.157Z"}
{"level":"info","message":"Guild data ready, logging in to discord...","timestamp":"2022-01-12T05:03:55.158Z"}
{"level":"debug","message":"Saving data!","timestamp":"2022-01-12T05:03:55.160Z"}
{"level":"debug","message":"Data save successful","timestamp":"2022-01-12T05:03:55.241Z"}
{"level":"info","message":"Guild permissions have not been set, setting defaults.","timestamp":"2022-01-12T05:03:55.511Z"}
{"level":"debug","message":"Found @everyone role with {id: undefined}","timestamp":"2022-01-12T05:03:55.512Z"}
{"level":"debug","message":"Guild data: permissions set to [object Object]","timestamp":"2022-01-12T05:03:55.513Z"}
{"level":"debug","message":"Saving data!","timestamp":"2022-01-12T05:03:55.514Z"}
{"level":"info","message":"Added permission for {roleId: undefined} for {command: join}","timestamp":"2022-01-12T05:03:55.516Z"}
{"level":"debug","message":"Guild data: permissions set to [object Object]","timestamp":"2022-01-12T05:03:55.517Z"}
{"level":"debug","message":"Saving data!","timestamp":"2022-01-12T05:03:55.518Z"}
{"level":"info","message":"Added permission for {roleId: undefined} for {command: play}","timestamp":"2022-01-12T05:03:55.520Z"}
{"level":"debug","message":"Guild data: permissions set to [object Object]","timestamp":"2022-01-12T05:03:55.520Z"}
{"level":"debug","message":"Saving data!","timestamp":"2022-01-12T05:03:55.521Z"}
{"level":"info","message":"Added permission for {roleId: undefined} for {command: pause}","timestamp":"2022-01-12T05:03:55.522Z"}
{"level":"info","message":"Logged into discord, guild handler is ready!","timestamp":"2022-01-12T05:03:55.523Z"}
{"level":"info","message":"This guild has not been configured, running setup...","timestamp":"2022-01-12T05:03:55.524Z"}
{"level":"debug","message":"Found default channel with {id: 869298234886082630} to send setup message to","timestamp":"2022-01-12T05:03:55.524Z"}
{"level":"debug","message":"Data save successful","timestamp":"2022-01-12T05:03:55.598Z"}
{"level":"debug","message":"Setup message sent, {messageId: 930688522959061032}","timestamp":"2022-01-12T05:03:55.643Z"}
{"level":"debug","message":"Data save successful","timestamp":"2022-01-12T05:03:56.066Z"}
{"level":"debug","message":"Data save successful","timestamp":"2022-01-12T05:03:56.070Z"}
{"level":"info","message":"Creating guild handler for guild {id: 869064758366732298}","timestamp":"2022-01-12T05:04:40.814Z"}
{"level":"debug","message":"Connecting to mongodb database","timestamp":"2022-01-12T05:04:40.819Z"}
{"level":"debug","message":"No unsaved data found, requesting settings from database","timestamp":"2022-01-12T05:04:41.670Z"}
{"level":"debug","message":"Guild data retrieved. {data: ","timestamp":"2022-01-12T05:04:41.748Z"}
{"level":"debug","message":"\t{configured: false}","timestamp":"2022-01-12T05:04:41.752Z"}
{"level":"debug","message":"\t{guildId: \"869064758366732298\"}","timestamp":"2022-01-12T05:04:41.755Z"}
{"level":"debug","message":"\t{channelId: null}","timestamp":"2022-01-12T05:04:41.757Z"}
{"level":"debug","message":"\t{prefix: \"!miku \"}","timestamp":"2022-01-12T05:04:41.759Z"}
{"level":"debug","message":"\t{filters: []}","timestamp":"2022-01-12T05:04:41.761Z"}
{"level":"debug","message":"\t{playlists: []}","timestamp":"2022-01-12T05:04:41.765Z"}
{"level":"debug","message":"\t{permissions: {}}","timestamp":"2022-01-12T05:04:41.767Z"}
{"level":"debug","message":"}","timestamp":"2022-01-12T05:04:41.770Z"}
{"level":"info","message":"Guild data ready, logging in to discord...","timestamp":"2022-01-12T05:04:41.772Z"}
{"level":"debug","message":"Saving data!","timestamp":"2022-01-12T05:04:41.775Z"}
{"level":"debug","message":"Data save successful","timestamp":"2022-01-12T05:04:41.855Z"}
{"level":"info","message":"Guild permissions have not been set, setting defaults.","timestamp":"2022-01-12T05:04:42.147Z"}
{"level":"debug","message":"Found @everyone role with {id: undefined}","timestamp":"2022-01-12T05:04:42.183Z"}
{"level":"debug","message":"Guild data: permissions set to [object Object]","timestamp":"2022-01-12T05:04:42.184Z"}
{"level":"debug","message":"Saving data!","timestamp":"2022-01-12T05:04:42.185Z"}
{"level":"info","message":"Added permission for {roleId: undefined} for {command: join}","timestamp":"2022-01-12T05:04:42.186Z"}
{"level":"debug","message":"Guild data: permissions set to [object Object]","timestamp":"2022-01-12T05:04:42.186Z"}
{"level":"debug","message":"Saving data!","timestamp":"2022-01-12T05:04:42.187Z"}
{"level":"info","message":"Added permission for {roleId: undefined} for {command: play}","timestamp":"2022-01-12T05:04:42.187Z"}
{"level":"debug","message":"Guild data: permissions set to [object Object]","timestamp":"2022-01-12T05:04:42.188Z"}
{"level":"debug","message":"Saving data!","timestamp":"2022-01-12T05:04:42.188Z"}
{"level":"info","message":"Added permission for {roleId: undefined} for {command: pause}","timestamp":"2022-01-12T05:04:42.189Z"}
{"level":"info","message":"Logged into discord, guild handler is ready!","timestamp":"2022-01-12T05:04:42.190Z"}
{"level":"info","message":"This guild has not been configured, running setup...","timestamp":"2022-01-12T05:04:42.191Z"}
{"level":"debug","message":"Found default channel with {id: 869298234886082630} to send setup message to","timestamp":"2022-01-12T05:04:42.192Z"}
{"level":"debug","message":"Data save successful","timestamp":"2022-01-12T05:04:42.260Z"}
{"level":"debug","message":"Setup message sent, {messageId: 930688718589812777}","timestamp":"2022-01-12T05:04:42.384Z"}
{"level":"debug","message":"Data save successful","timestamp":"2022-01-12T05:04:42.619Z"}
{"level":"debug","message":"Data save successful","timestamp":"2022-01-12T05:04:42.623Z"}
{"level":"info","message":"Creating guild handler for guild {id: 869064758366732298}","timestamp":"2022-01-12T05:05:52.797Z"}
{"level":"debug","message":"Connecting to mongodb database","timestamp":"2022-01-12T05:05:52.801Z"}
{"level":"debug","message":"No unsaved data found, requesting settings from database","timestamp":"2022-01-12T05:05:53.773Z"}
{"level":"debug","message":"Guild data retrieved. {data: ","timestamp":"2022-01-12T05:05:53.852Z"}
{"level":"debug","message":"\t{configured: false}","timestamp":"2022-01-12T05:05:53.856Z"}
{"level":"debug","message":"\t{guildId: \"869064758366732298\"}","timestamp":"2022-01-12T05:05:53.858Z"}
{"level":"debug","message":"\t{channelId: null}","timestamp":"2022-01-12T05:05:53.860Z"}
{"level":"debug","message":"\t{prefix: \"!miku \"}","timestamp":"2022-01-12T05:05:53.862Z"}
{"level":"debug","message":"\t{filters: []}","timestamp":"2022-01-12T05:05:53.864Z"}
{"level":"debug","message":"\t{playlists: []}","timestamp":"2022-01-12T05:05:53.866Z"}
{"level":"debug","message":"\t{permissions: {}}","timestamp":"2022-01-12T05:05:53.868Z"}
{"level":"debug","message":"}","timestamp":"2022-01-12T05:05:53.870Z"}
{"level":"info","message":"Guild data ready, logging in to discord...","timestamp":"2022-01-12T05:05:53.872Z"}
{"level":"debug","message":"Saving data!","timestamp":"2022-01-12T05:05:53.874Z"}
{"level":"debug","message":"Data save successful","timestamp":"2022-01-12T05:05:53.951Z"}
{"level":"info","message":"Guild permissions have not been set, setting defaults.","timestamp":"2022-01-12T05:05:54.175Z"}
{"level":"debug","message":"Found @everyone role with {id: [object Map]}","timestamp":"2022-01-12T05:05:54.176Z"}
{"level":"debug","message":"Guild data: permissions set to [object Object]","timestamp":"2022-01-12T05:05:54.177Z"}
{"level":"debug","message":"Saving data!","timestamp":"2022-01-12T05:05:54.178Z"}
{"level":"info","message":"Added permission for {roleId: undefined} for {command: join}","timestamp":"2022-01-12T05:05:54.180Z"}
{"level":"debug","message":"Guild data: permissions set to [object Object]","timestamp":"2022-01-12T05:05:54.181Z"}
{"level":"debug","message":"Saving data!","timestamp":"2022-01-12T05:05:54.182Z"}
{"level":"info","message":"Added permission for {roleId: undefined} for {command: play}","timestamp":"2022-01-12T05:05:54.185Z"}
{"level":"debug","message":"Guild data: permissions set to [object Object]","timestamp":"2022-01-12T05:05:54.185Z"}
{"level":"debug","message":"Saving data!","timestamp":"2022-01-12T05:05:54.186Z"}
{"level":"info","message":"Added permission for {roleId: undefined} for {command: pause}","timestamp":"2022-01-12T05:05:54.188Z"}
{"level":"info","message":"Logged into discord, guild handler is ready!","timestamp":"2022-01-12T05:05:54.189Z"}
{"level":"info","message":"This guild has not been configured, running setup...","timestamp":"2022-01-12T05:05:54.190Z"}
{"level":"debug","message":"Found default channel with {id: 869298234886082630} to send setup message to","timestamp":"2022-01-12T05:05:54.191Z"}
{"level":"debug","message":"Data save successful","timestamp":"2022-01-12T05:05:54.264Z"}
{"level":"debug","message":"Setup message sent, {messageId: 930689020390940703}","timestamp":"2022-01-12T05:05:54.312Z"}
{"level":"debug","message":"Data save successful","timestamp":"2022-01-12T05:05:54.700Z"}
{"level":"debug","message":"Data save successful","timestamp":"2022-01-12T05:05:54.703Z"}
{"level":"info","message":"Creating guild handler for guild {id: 869064758366732298}","timestamp":"2022-01-12T05:06:17.175Z"}
{"level":"debug","message":"Connecting to mongodb database","timestamp":"2022-01-12T05:06:17.180Z"}
{"level":"debug","message":"No unsaved data found, requesting settings from database","timestamp":"2022-01-12T05:06:18.103Z"}
{"level":"info","message":"No guild data found, using defaults","timestamp":"2022-01-12T05:06:18.174Z"}
{"level":"info","message":"Guild data ready, logging in to discord...","timestamp":"2022-01-12T05:06:18.253Z"}
{"level":"debug","message":"Saving data!","timestamp":"2022-01-12T05:06:18.256Z"}
{"level":"debug","message":"Data save successful","timestamp":"2022-01-12T05:06:18.334Z"}
{"level":"info","message":"Guild permissions have not been set, setting defaults.","timestamp":"2022-01-12T05:06:18.616Z"}
{"level":"debug","message":"Found @everyone role with {id: [object Map]}","timestamp":"2022-01-12T05:06:18.617Z"}
{"level":"debug","message":"Guild data: permissions set to [object Object]","timestamp":"2022-01-12T05:06:18.618Z"}
{"level":"debug","message":"Saving data!","timestamp":"2022-01-12T05:06:18.619Z"}
{"level":"info","message":"Added permission for {roleId: undefined} for {command: join}","timestamp":"2022-01-12T05:06:18.620Z"}
{"level":"debug","message":"Guild data: permissions set to [object Object]","timestamp":"2022-01-12T05:06:18.621Z"}
{"level":"debug","message":"Saving data!","timestamp":"2022-01-12T05:06:18.622Z"}
{"level":"info","message":"Added permission for {roleId: undefined} for {command: play}","timestamp":"2022-01-12T05:06:18.624Z"}
{"level":"debug","message":"Guild data: permissions set to [object Object]","timestamp":"2022-01-12T05:06:18.624Z"}
{"level":"debug","message":"Saving data!","timestamp":"2022-01-12T05:06:18.625Z"}
{"level":"info","message":"Added permission for {roleId: undefined} for {command: pause}","timestamp":"2022-01-12T05:06:18.626Z"}
{"level":"info","message":"Logged into discord, guild handler is ready!","timestamp":"2022-01-12T05:06:18.626Z"}
{"level":"info","message":"This guild has not been configured, running setup...","timestamp":"2022-01-12T05:06:18.627Z"}
{"level":"debug","message":"Found default channel with {id: 869298234886082630} to send setup message to","timestamp":"2022-01-12T05:06:18.628Z"}
{"level":"debug","message":"Data save successful","timestamp":"2022-01-12T05:06:18.698Z"}
{"level":"debug","message":"Setup message sent, {messageId: 930689123289792592}","timestamp":"2022-01-12T05:06:18.781Z"}
{"level":"debug","message":"Data save successful","timestamp":"2022-01-12T05:06:19.130Z"}
{"level":"debug","message":"Data save successful","timestamp":"2022-01-12T05:06:19.133Z"}
{"level":"info","message":"Creating guild handler for guild {id: 869064758366732298}","timestamp":"2022-01-12T05:06:44.298Z"}
{"level":"debug","message":"Connecting to mongodb database","timestamp":"2022-01-12T05:06:44.302Z"}
{"level":"debug","message":"No unsaved data found, requesting settings from database","timestamp":"2022-01-12T05:06:45.067Z"}
{"level":"info","message":"No guild data found, using defaults","timestamp":"2022-01-12T05:06:45.137Z"}
{"level":"info","message":"Guild data ready, logging in to discord...","timestamp":"2022-01-12T05:06:45.214Z"}
{"level":"debug","message":"Saving data!","timestamp":"2022-01-12T05:06:45.215Z"}
{"level":"debug","message":"Data save successful","timestamp":"2022-01-12T05:06:45.287Z"}
{"level":"info","message":"Guild permissions have not been set, setting defaults.","timestamp":"2022-01-12T05:06:45.505Z"}
{"level":"debug","message":"Found @everyone role with {id: [object Map]}","timestamp":"2022-01-12T05:06:45.543Z"}
{"level":"debug","message":"Guild data: permissions set to [object Object]","timestamp":"2022-01-12T05:06:45.548Z"}
{"level":"debug","message":"Saving data!","timestamp":"2022-01-12T05:06:45.550Z"}
{"level":"info","message":"Added permission for {roleId: undefined} for {command: join}","timestamp":"2022-01-12T05:06:45.554Z"}
{"level":"debug","message":"Guild data: permissions set to [object Object]","timestamp":"2022-01-12T05:06:45.556Z"}
{"level":"debug","message":"Saving data!","timestamp":"2022-01-12T05:06:45.558Z"}
{"level":"info","message":"Added permission for {roleId: undefined} for {command: play}","timestamp":"2022-01-12T05:06:45.561Z"}
{"level":"debug","message":"Guild data: permissions set to [object Object]","timestamp":"2022-01-12T05:06:45.562Z"}
{"level":"debug","message":"Saving data!","timestamp":"2022-01-12T05:06:45.565Z"}
{"level":"info","message":"Added permission for {roleId: undefined} for {command: pause}","timestamp":"2022-01-12T05:06:45.567Z"}
{"level":"info","message":"Logged into discord, guild handler is ready!","timestamp":"2022-01-12T05:06:45.569Z"}
{"level":"info","message":"This guild has not been configured, running setup...","timestamp":"2022-01-12T05:06:45.570Z"}
{"level":"debug","message":"Found default channel with {id: 869298234886082630} to send setup message to","timestamp":"2022-01-12T05:06:45.571Z"}
{"level":"debug","message":"Data save successful","timestamp":"2022-01-12T05:06:45.641Z"}
{"level":"debug","message":"Setup message sent, {messageId: 930689236225646662}","timestamp":"2022-01-12T05:06:45.698Z"}
{"level":"debug","message":"Data save successful","timestamp":"2022-01-12T05:06:46.053Z"}
{"level":"debug","message":"Data save successful","timestamp":"2022-01-12T05:06:46.055Z"}
{"level":"info","message":"Creating guild handler for guild {id: 869064758366732298}","timestamp":"2022-01-12T05:07:30.174Z"}
{"level":"debug","message":"Connecting to mongodb database","timestamp":"2022-01-12T05:07:30.178Z"}
{"level":"debug","message":"No unsaved data found, requesting settings from database","timestamp":"2022-01-12T05:07:31.099Z"}
{"level":"debug","message":"Guild data retrieved. {data: ","timestamp":"2022-01-12T05:07:31.192Z"}
{"level":"debug","message":"\t{configured: false}","timestamp":"2022-01-12T05:07:31.193Z"}
{"level":"debug","message":"\t{guildId: \"869064758366732298\"}","timestamp":"2022-01-12T05:07:31.195Z"}
{"level":"debug","message":"\t{channelId: null}","timestamp":"2022-01-12T05:07:31.196Z"}
{"level":"debug","message":"\t{prefix: \"!miku \"}","timestamp":"2022-01-12T05:07:31.197Z"}
{"level":"debug","message":"\t{filters: []}","timestamp":"2022-01-12T05:07:31.198Z"}
{"level":"debug","message":"\t{playlists: []}","timestamp":"2022-01-12T05:07:31.200Z"}
{"level":"debug","message":"\t{permissions: {}}","timestamp":"2022-01-12T05:07:31.201Z"}
{"level":"debug","message":"}","timestamp":"2022-01-12T05:07:31.203Z"}
{"level":"info","message":"Guild data ready, logging in to discord...","timestamp":"2022-01-12T05:07:31.204Z"}
{"level":"debug","message":"Saving data!","timestamp":"2022-01-12T05:07:31.206Z"}
{"level":"debug","message":"Data save successful","timestamp":"2022-01-12T05:07:31.314Z"}
{"level":"info","message":"Guild permissions have not been set, setting defaults.","timestamp":"2022-01-12T05:07:31.589Z"}
{"level":"info","message":"Creating guild handler for guild {id: 869064758366732298}","timestamp":"2022-01-12T05:08:32.846Z"}
{"level":"debug","message":"Connecting to mongodb database","timestamp":"2022-01-12T05:08:32.850Z"}
{"level":"debug","message":"No unsaved data found, requesting settings from database","timestamp":"2022-01-12T05:08:33.667Z"}
{"level":"debug","message":"Guild data retrieved. {data: ","timestamp":"2022-01-12T05:08:33.749Z"}
{"level":"debug","message":"\t{configured: false}","timestamp":"2022-01-12T05:08:33.751Z"}
{"level":"debug","message":"\t{guildId: \"869064758366732298\"}","timestamp":"2022-01-12T05:08:33.753Z"}
{"level":"debug","message":"\t{channelId: null}","timestamp":"2022-01-12T05:08:33.754Z"}
{"level":"debug","message":"\t{prefix: \"!miku \"}","timestamp":"2022-01-12T05:08:33.755Z"}
{"level":"debug","message":"\t{filters: []}","timestamp":"2022-01-12T05:08:33.756Z"}
{"level":"debug","message":"\t{playlists: []}","timestamp":"2022-01-12T05:08:33.757Z"}
{"level":"debug","message":"\t{permissions: {}}","timestamp":"2022-01-12T05:08:33.760Z"}
{"level":"debug","message":"}","timestamp":"2022-01-12T05:08:33.761Z"}
{"level":"info","message":"Guild data ready, logging in to discord...","timestamp":"2022-01-12T05:08:33.763Z"}
{"level":"debug","message":"Saving data!","timestamp":"2022-01-12T05:08:33.766Z"}
{"level":"debug","message":"Data save successful","timestamp":"2022-01-12T05:08:33.844Z"}
{"level":"info","message":"Guild permissions have not been set, setting defaults.","timestamp":"2022-01-12T05:08:34.105Z"}
{"level":"debug","message":"Found @everyone role with {id: undefined}","timestamp":"2022-01-12T05:08:34.138Z"}
{"level":"debug","message":"Guild data: permissions set to [object Object]","timestamp":"2022-01-12T05:08:34.139Z"}
{"level":"debug","message":"Saving data!","timestamp":"2022-01-12T05:08:34.140Z"}
{"level":"info","message":"Added permission for {roleId: undefined} for {command: join}","timestamp":"2022-01-12T05:08:34.142Z"}
{"level":"debug","message":"Guild data: permissions set to [object Object]","timestamp":"2022-01-12T05:08:34.143Z"}
{"level":"debug","message":"Saving data!","timestamp":"2022-01-12T05:08:34.144Z"}
{"level":"info","message":"Added permission for {roleId: undefined} for {command: play}","timestamp":"2022-01-12T05:08:34.146Z"}
{"level":"debug","message":"Guild data: permissions set to [object Object]","timestamp":"2022-01-12T05:08:34.147Z"}
{"level":"debug","message":"Saving data!","timestamp":"2022-01-12T05:08:34.147Z"}
{"level":"info","message":"Added permission for {roleId: undefined} for {command: pause}","timestamp":"2022-01-12T05:08:34.148Z"}
{"level":"info","message":"Logged into discord, guild handler is ready!","timestamp":"2022-01-12T05:08:34.149Z"}
{"level":"info","message":"This guild has not been configured, running setup...","timestamp":"2022-01-12T05:08:34.150Z"}
{"level":"debug","message":"Found default channel with {id: 869298234886082630} to send setup message to","timestamp":"2022-01-12T05:08:34.151Z"}
{"level":"debug","message":"Data save successful","timestamp":"2022-01-12T05:08:34.222Z"}
{"level":"debug","message":"Setup message sent, {messageId: 930689691597041684}","timestamp":"2022-01-12T05:08:34.258Z"}
{"level":"debug","message":"Data save successful","timestamp":"2022-01-12T05:08:34.587Z"}
{"level":"debug","message":"Data save successful","timestamp":"2022-01-12T05:08:34.588Z"}
{"level":"info","message":"Creating guild handler for guild {id: 869064758366732298}","timestamp":"2022-01-12T05:09:03.914Z"}
{"level":"debug","message":"Connecting to mongodb database","timestamp":"2022-01-12T05:09:03.920Z"}
{"level":"debug","message":"No unsaved data found, requesting settings from database","timestamp":"2022-01-12T05:09:04.785Z"}
{"level":"debug","message":"Guild data retrieved. {data: ","timestamp":"2022-01-12T05:09:04.858Z"}
{"level":"debug","message":"\t{configured: false}","timestamp":"2022-01-12T05:09:04.859Z"}
{"level":"debug","message":"\t{guildId: \"869064758366732298\"}","timestamp":"2022-01-12T05:09:04.860Z"}
{"level":"debug","message":"\t{channelId: null}","timestamp":"2022-01-12T05:09:04.860Z"}
{"level":"debug","message":"\t{prefix: \"!miku \"}","timestamp":"2022-01-12T05:09:04.861Z"}
{"level":"debug","message":"\t{filters: []}","timestamp":"2022-01-12T05:09:04.861Z"}
{"level":"debug","message":"\t{playlists: []}","timestamp":"2022-01-12T05:09:04.862Z"}
{"level":"debug","message":"\t{permissions: {}}","timestamp":"2022-01-12T05:09:04.862Z"}
{"level":"debug","message":"}","timestamp":"2022-01-12T05:09:04.863Z"}
{"level":"info","message":"Guild data ready, logging in to discord...","timestamp":"2022-01-12T05:09:04.863Z"}
{"level":"debug","message":"Saving data!","timestamp":"2022-01-12T05:09:04.864Z"}
{"level":"debug","message":"Data save successful","timestamp":"2022-01-12T05:09:04.933Z"}
{"level":"info","message":"Guild permissions have not been set, setting defaults.","timestamp":"2022-01-12T05:09:05.202Z"}
{"level":"debug","message":"Found @everyone role with {id: 869064758366732298}","timestamp":"2022-01-12T05:09:05.212Z"}
{"level":"debug","message":"Guild data: permissions set to [object Object]","timestamp":"2022-01-12T05:09:05.212Z"}
{"level":"debug","message":"Saving data!","timestamp":"2022-01-12T05:09:05.213Z"}
{"level":"info","message":"Added permission for {roleId: 869064758366732298} for {command: join}","timestamp":"2022-01-12T05:09:05.214Z"}
{"level":"debug","message":"Guild data: permissions set to [object Object]","timestamp":"2022-01-12T05:09:05.214Z"}
{"level":"debug","message":"Saving data!","timestamp":"2022-01-12T05:09:05.214Z"}
{"level":"info","message":"Added permission for {roleId: 869064758366732298} for {command: play}","timestamp":"2022-01-12T05:09:05.215Z"}
{"level":"debug","message":"Guild data: permissions set to [object Object]","timestamp":"2022-01-12T05:09:05.216Z"}
{"level":"debug","message":"Saving data!","timestamp":"2022-01-12T05:09:05.216Z"}
{"level":"info","message":"Added permission for {roleId: 869064758366732298} for {command: pause}","timestamp":"2022-01-12T05:09:05.217Z"}
{"level":"info","message":"Logged into discord, guild handler is ready!","timestamp":"2022-01-12T05:09:05.218Z"}
{"level":"info","message":"This guild has not been configured, running setup...","timestamp":"2022-01-12T05:09:05.218Z"}
{"level":"debug","message":"Found default channel with {id: 869298234886082630} to send setup message to","timestamp":"2022-01-12T05:09:05.219Z"}
{"level":"debug","message":"Data save successful","timestamp":"2022-01-12T05:09:05.286Z"}
{"level":"debug","message":"Setup message sent, {messageId: 930689821897277442}","timestamp":"2022-01-12T05:09:05.411Z"}
{"level":"debug","message":"Data save successful","timestamp":"2022-01-12T05:09:05.683Z"}
{"level":"debug","message":"Data save successful","timestamp":"2022-01-12T05:09:05.684Z"}
{"level":"debug","message":"Recieved {messageId: 930689850561163335} with {content: set-channel} from {userId: 269909877202223104} in {channelId: 869298234886082630}. Determined {command: set-channel}, {argument: }","timestamp":"2022-01-12T05:09:12.139Z"}
{"level":"debug","message":"Sending notification with {message: <@269909877202223104> set-channel is not valid command!} to {channelId: 869298234886082630}","timestamp":"2022-01-12T05:09:12.140Z"}
{"level":"debug","message":"Permission rejected to command with {messageId: 930689850561163335}","timestamp":"2022-01-12T05:09:12.141Z"}
{"level":"debug","message":"Error message sent, {messageId: 930689850967982100}","timestamp":"2022-01-12T05:09:12.270Z"}
{"level":"info","message":"Creating guild handler for guild {id: 869064758366732298}","timestamp":"2022-01-12T05:11:17.028Z"}
{"level":"debug","message":"Connecting to mongodb database","timestamp":"2022-01-12T05:11:17.032Z"}
{"level":"debug","message":"No unsaved data found, requesting settings from database","timestamp":"2022-01-12T05:11:17.816Z"}
{"level":"debug","message":"Guild data retrieved. {data: ","timestamp":"2022-01-12T05:11:17.888Z"}
{"level":"debug","message":"\t{configured: false}","timestamp":"2022-01-12T05:11:17.889Z"}
{"level":"debug","message":"\t{guildId: \"869064758366732298\"}","timestamp":"2022-01-12T05:11:17.889Z"}
{"level":"debug","message":"\t{channelId: null}","timestamp":"2022-01-12T05:11:17.890Z"}
{"level":"debug","message":"\t{prefix: \"!miku \"}","timestamp":"2022-01-12T05:11:17.890Z"}
{"level":"debug","message":"\t{filters: []}","timestamp":"2022-01-12T05:11:17.891Z"}
{"level":"debug","message":"\t{playlists: []}","timestamp":"2022-01-12T05:11:17.891Z"}
{"level":"debug","message":"\t{permissions: {}}","timestamp":"2022-01-12T05:11:17.892Z"}
{"level":"debug","message":"}","timestamp":"2022-01-12T05:11:17.892Z"}
{"level":"info","message":"Guild data ready, logging in to discord...","timestamp":"2022-01-12T05:11:17.893Z"}
{"level":"debug","message":"Saving data!","timestamp":"2022-01-12T05:11:17.894Z"}
{"level":"debug","message":"Data save successful","timestamp":"2022-01-12T05:11:17.966Z"}
{"level":"info","message":"Guild permissions have not been set, setting defaults.","timestamp":"2022-01-12T05:11:18.213Z"}
{"level":"debug","message":"Found @everyone role with {id: 869064758366732298}","timestamp":"2022-01-12T05:11:18.223Z"}
{"level":"debug","message":"Guild data: permissions set to [object Object]","timestamp":"2022-01-12T05:11:18.224Z"}
{"level":"debug","message":"Saving data!","timestamp":"2022-01-12T05:11:18.224Z"}
{"level":"info","message":"Added permission for {roleId: 869064758366732298} for {command: join}","timestamp":"2022-01-12T05:11:18.225Z"}
{"level":"debug","message":"Guild data: permissions set to [object Object]","timestamp":"2022-01-12T05:11:18.226Z"}
{"level":"debug","message":"Saving data!","timestamp":"2022-01-12T05:11:18.226Z"}
{"level":"info","message":"Added permission for {roleId: 869064758366732298} for {command: play}","timestamp":"2022-01-12T05:11:18.227Z"}
{"level":"debug","message":"Guild data: permissions set to [object Object]","timestamp":"2022-01-12T05:11:18.227Z"}
{"level":"debug","message":"Saving data!","timestamp":"2022-01-12T05:11:18.227Z"}
{"level":"info","message":"Added permission for {roleId: 869064758366732298} for {command: pause}","timestamp":"2022-01-12T05:11:18.228Z"}
{"level":"info","message":"Logged into discord, guild handler is ready!","timestamp":"2022-01-12T05:11:18.228Z"}
{"level":"info","message":"This guild has not been configured, running setup...","timestamp":"2022-01-12T05:11:18.229Z"}
{"level":"debug","message":"Found default channel with {id: 869298234886082630} to send setup message to","timestamp":"2022-01-12T05:11:18.229Z"}
{"level":"debug","message":"Data save successful","timestamp":"2022-01-12T05:11:18.298Z"}
{"level":"debug","message":"Setup message sent, {messageId: 930690380033294356}","timestamp":"2022-01-12T05:11:18.487Z"}
{"level":"debug","message":"Data save successful","timestamp":"2022-01-12T05:11:18.697Z"}
{"level":"debug","message":"Data save successful","timestamp":"2022-01-12T05:11:18.702Z"}
{"level":"debug","message":"Recieved {messageId: 930690386182156290} with {content: set-channel} from {userId: 924810105243971665} in {channelId: 869298234886082630}. Determined {command: set-channel}, {argument: }","timestamp":"2022-01-12T05:11:19.957Z"}
{"level":"debug","message":"Sending notification with {message: <@924810105243971665> You don't have permission to use the \"set-channel\" command!} to {channelId: 869298234886082630}","timestamp":"2022-01-12T05:11:19.958Z"}
{"level":"debug","message":"Permission rejected to command with {messageId: 930690386182156290}","timestamp":"2022-01-12T05:11:19.959Z"}
{"level":"debug","message":"Error message sent, {messageId: 930690387083931648}","timestamp":"2022-01-12T05:11:20.075Z"}
{"level":"debug","message":"Recieved {messageId: 930690424937525268} with {content: set-channel} from {userId: 269909877202223104} in {channelId: 869298234886082630}. Determined {command: set-channel}, {argument: }","timestamp":"2022-01-12T05:11:29.089Z"}
{"level":"debug","message":"Permission granted to command with {messageId: 930690424937525268}","timestamp":"2022-01-12T05:11:29.090Z"}
{"level":"debug","message":"Guild data: channelId set to 869298234886082630","timestamp":"2022-01-12T05:11:29.090Z"}
{"level":"debug","message":"Saving data!","timestamp":"2022-01-12T05:11:29.091Z"}
{"level":"debug","message":"Sending notification with {message: This is where miku will live. You no longer need to use the prefix as all messages sent to this channel will be interpreted as commands and will be deleted after the command is executed.} to {channelId: 869298234886082630}","timestamp":"2022-01-12T05:11:29.092Z"}
{"level":"debug","message":"Guild data: configured set to true","timestamp":"2022-01-12T05:11:29.093Z"}
{"level":"debug","message":"Saving data!","timestamp":"2022-01-12T05:11:29.093Z"}
{"level":"debug","message":"Data save successful","timestamp":"2022-01-12T05:11:29.165Z"}
{"level":"debug","message":"Data save successful","timestamp":"2022-01-12T05:11:29.167Z"}
{"level":"debug","message":"Notification message sent, {messageId: 930690426040615002}","timestamp":"2022-01-12T05:11:29.542Z"}
{"level":"debug","message":"Recieved {messageId: 930690442935279626} with {content: join} from {userId: 924810105243971665} in {channelId: 869298234886082630}. Determined {command: join}, {argument: }","timestamp":"2022-01-12T05:11:33.382Z"}
{"level":"debug","message":"Sending notification with {message: <@924810105243971665> You don't have permission to use the \"join\" command!} to {channelId: 869298234886082630}","timestamp":"2022-01-12T05:11:33.394Z"}
{"level":"debug","message":"Permission rejected to command with {messageId: 930690442935279626}","timestamp":"2022-01-12T05:11:33.396Z"}
{"level":"debug","message":"Error message sent, {messageId: 930690443455389757}","timestamp":"2022-01-12T05:11:33.548Z"}
{"level":"info","message":"Creating guild handler for guild {id: 869064758366732298}","timestamp":"2022-01-12T05:13:49.455Z"}
{"level":"debug","message":"Connecting to mongodb database","timestamp":"2022-01-12T05:13:49.461Z"}
{"level":"debug","message":"No unsaved data found, requesting settings from database","timestamp":"2022-01-12T05:13:50.292Z"}
{"level":"debug","message":"Guild data retrieved. {data: ","timestamp":"2022-01-12T05:13:50.367Z"}
{"level":"debug","message":"\t{configured: true}","timestamp":"2022-01-12T05:13:50.369Z"}
{"level":"debug","message":"\t{guildId: \"869064758366732298\"}","timestamp":"2022-01-12T05:13:50.370Z"}
{"level":"debug","message":"\t{channelId: \"869298234886082630\"}","timestamp":"2022-01-12T05:13:50.371Z"}
{"level":"debug","message":"\t{prefix: \"!miku \"}","timestamp":"2022-01-12T05:13:50.372Z"}
{"level":"debug","message":"\t{filters: []}","timestamp":"2022-01-12T05:13:50.373Z"}
{"level":"debug","message":"\t{playlists: []}","timestamp":"2022-01-12T05:13:50.375Z"}
{"level":"debug","message":"\t{permissions: {}}","timestamp":"2022-01-12T05:13:50.376Z"}
{"level":"debug","message":"}","timestamp":"2022-01-12T05:13:50.377Z"}
{"level":"info","message":"Guild data ready, logging in to discord...","timestamp":"2022-01-12T05:13:50.379Z"}
{"level":"debug","message":"Saving data!","timestamp":"2022-01-12T05:13:50.381Z"}
{"level":"debug","message":"Data save successful","timestamp":"2022-01-12T05:13:50.458Z"}
{"level":"info","message":"Guild permissions have not been set, setting defaults.","timestamp":"2022-01-12T05:13:50.730Z"}
{"level":"debug","message":"Found @everyone role with {id: 869064758366732298}","timestamp":"2022-01-12T05:13:50.734Z"}
{"level":"debug","message":"Guild data: permissions set to [object Object]","timestamp":"2022-01-12T05:13:50.735Z"}
{"level":"debug","message":"Saving data!","timestamp":"2022-01-12T05:13:50.737Z"}
{"level":"info","message":"Added permission for {roleId: 869064758366732298} for {command: join}","timestamp":"2022-01-12T05:13:50.740Z"}
{"level":"debug","message":"Guild data: permissions set to [object Object]","timestamp":"2022-01-12T05:13:50.742Z"}
{"level":"debug","message":"Saving data!","timestamp":"2022-01-12T05:13:50.744Z"}
{"level":"info","message":"Added permission for {roleId: 869064758366732298} for {command: play}","timestamp":"2022-01-12T05:13:50.747Z"}
{"level":"debug","message":"Guild data: permissions set to [object Object]","timestamp":"2022-01-12T05:13:50.749Z"}
{"level":"debug","message":"Saving data!","timestamp":"2022-01-12T05:13:50.750Z"}
{"level":"info","message":"Added permission for {roleId: 869064758366732298} for {command: pause}","timestamp":"2022-01-12T05:13:50.752Z"}
{"level":"info","message":"Logged into discord, guild handler is ready!","timestamp":"2022-01-12T05:13:50.754Z"}
{"level":"debug","message":"Data save successful","timestamp":"2022-01-12T05:13:50.826Z"}
{"level":"debug","message":"Data save successful","timestamp":"2022-01-12T05:13:51.222Z"}
{"level":"debug","message":"Data save successful","timestamp":"2022-01-12T05:13:51.224Z"}
{"level":"debug","message":"Recieved {messageId: 930691028451745823} with {content: join} from {userId: 924810105243971665} in {channelId: 869298234886082630}. Determined {command: join}, {argument: }","timestamp":"2022-01-12T05:13:53.000Z"}
{"level":"debug","message":"Sending error message with {message: <@924810105243971665> You don't have permission to use the \"join\" command!} to {channelId: 869298234886082630}","timestamp":"2022-01-12T05:13:53.011Z"}
{"level":"debug","message":"Permission rejected to command with {messageId: 930691028451745823}","timestamp":"2022-01-12T05:13:53.013Z"}
{"level":"debug","message":"Error message sent, {messageId: 930691029001207808}","timestamp":"2022-01-12T05:13:53.128Z"}
{"level":"info","message":"Creating guild handler for guild {id: 869064758366732298}","timestamp":"2022-01-12T05:14:35.266Z"}
{"level":"debug","message":"Connecting to mongodb database","timestamp":"2022-01-12T05:14:35.271Z"}
{"level":"debug","message":"No unsaved data found, requesting settings from database","timestamp":"2022-01-12T05:14:36.033Z"}
{"level":"debug","message":"Guild data retrieved. {data: ","timestamp":"2022-01-12T05:14:36.107Z"}
{"level":"debug","message":"\t{configured: true}","timestamp":"2022-01-12T05:14:36.108Z"}
{"level":"debug","message":"\t{guildId: \"869064758366732298\"}","timestamp":"2022-01-12T05:14:36.109Z"}
{"level":"debug","message":"\t{channelId: \"869298234886082630\"}","timestamp":"2022-01-12T05:14:36.109Z"}
{"level":"debug","message":"\t{prefix: \"!miku \"}","timestamp":"2022-01-12T05:14:36.110Z"}
{"level":"debug","message":"\t{filters: []}","timestamp":"2022-01-12T05:14:36.110Z"}
{"level":"debug","message":"\t{playlists: []}","timestamp":"2022-01-12T05:14:36.111Z"}
{"level":"debug","message":"\t{permissions: {}}","timestamp":"2022-01-12T05:14:36.111Z"}
{"level":"debug","message":"}","timestamp":"2022-01-12T05:14:36.112Z"}
{"level":"info","message":"Guild data ready, logging in to discord...","timestamp":"2022-01-12T05:14:36.113Z"}
{"level":"debug","message":"Saving data!","timestamp":"2022-01-12T05:14:36.114Z"}
{"level":"debug","message":"Data save successful","timestamp":"2022-01-12T05:14:36.191Z"}
{"level":"info","message":"Guild permissions have not been set, setting defaults.","timestamp":"2022-01-12T05:14:36.551Z"}
{"level":"debug","message":"Found @everyone role with {id: 869064758366732298}","timestamp":"2022-01-12T05:14:36.552Z"}
{"level":"debug","message":"Guild data: permissions set to [object Object]","timestamp":"2022-01-12T05:14:36.552Z"}
{"level":"debug","message":"Saving data!","timestamp":"2022-01-12T05:14:36.553Z"}
{"level":"info","message":"Added permission for {roleId: 869064758366732298} for {command: join}","timestamp":"2022-01-12T05:14:36.553Z"}
{"level":"debug","message":"Guild data: permissions set to [object Object]","timestamp":"2022-01-12T05:14:36.554Z"}
{"level":"debug","message":"Saving data!","timestamp":"2022-01-12T05:14:36.554Z"}
{"level":"info","message":"Added permission for {roleId: 869064758366732298} for {command: play}","timestamp":"2022-01-12T05:14:36.555Z"}
{"level":"debug","message":"Guild data: permissions set to [object Object]","timestamp":"2022-01-12T05:14:36.555Z"}
{"level":"debug","message":"Saving data!","timestamp":"2022-01-12T05:14:36.556Z"}
{"level":"info","message":"Added permission for {roleId: 869064758366732298} for {command: pause}","timestamp":"2022-01-12T05:14:36.556Z"}
{"level":"info","message":"Logged into discord, guild handler is ready!","timestamp":"2022-01-12T05:14:36.557Z"}
{"level":"debug","message":"Data save successful","timestamp":"2022-01-12T05:14:36.626Z"}
{"level":"debug","message":"Data save successful","timestamp":"2022-01-12T05:14:37.003Z"}
{"level":"debug","message":"Data save successful","timestamp":"2022-01-12T05:14:37.004Z"}
{"level":"debug","message":"Recieved {messageId: 930691233410588733} with {content: join} from {userId: 924810105243971665} in {channelId: 869298234886082630}. Determined {command: join}, {argument: }","timestamp":"2022-01-12T05:14:41.837Z"}
{"level":"debug","message":"Sending error message with {message: <@924810105243971665> You don't have permission to use the \"join\" command!} to {channelId: 869298234886082630}","timestamp":"2022-01-12T05:14:41.850Z"}
{"level":"debug","message":"Permission rejected to command with {messageId: 930691233410588733}","timestamp":"2022-01-12T05:14:41.853Z"}
{"level":"debug","message":"Error message sent, {messageId: 930691233637101589}","timestamp":"2022-01-12T05:14:42.041Z"}
{"level":"info","message":"Creating guild handler for guild {id: 869064758366732298}","timestamp":"2022-01-12T05:15:36.021Z"}
{"level":"debug","message":"Connecting to mongodb database","timestamp":"2022-01-12T05:15:36.025Z"}
{"level":"debug","message":"No unsaved data found, requesting settings from database","timestamp":"2022-01-12T05:15:36.873Z"}
{"level":"debug","message":"Guild data retrieved. {data: ","timestamp":"2022-01-12T05:15:36.938Z"}
{"level":"debug","message":"\t{configured: true}","timestamp":"2022-01-12T05:15:36.939Z"}
{"level":"debug","message":"\t{guildId: \"869064758366732298\"}","timestamp":"2022-01-12T05:15:36.939Z"}
{"level":"debug","message":"\t{channelId: \"869298234886082630\"}","timestamp":"2022-01-12T05:15:36.940Z"}
{"level":"debug","message":"\t{prefix: \"!miku \"}","timestamp":"2022-01-12T05:15:36.940Z"}
{"level":"debug","message":"\t{filters: []}","timestamp":"2022-01-12T05:15:36.940Z"}
{"level":"debug","message":"\t{playlists: []}","timestamp":"2022-01-12T05:15:36.941Z"}
{"level":"debug","message":"\t{permissions: {}}","timestamp":"2022-01-12T05:15:36.941Z"}
{"level":"debug","message":"}","timestamp":"2022-01-12T05:15:36.942Z"}
{"level":"info","message":"Guild data ready, logging in to discord...","timestamp":"2022-01-12T05:15:36.942Z"}
{"level":"debug","message":"Saving data!","timestamp":"2022-01-12T05:15:36.943Z"}
{"level":"debug","message":"Data save successful","timestamp":"2022-01-12T05:15:37.011Z"}
{"level":"info","message":"Guild permissions have not been set, setting defaults.","timestamp":"2022-01-12T05:15:37.256Z"}
{"level":"debug","message":"Found @everyone role with {id: 869064758366732298}","timestamp":"2022-01-12T05:15:37.257Z"}
{"level":"debug","message":"Guild data: permissions set to [object Object]","timestamp":"2022-01-12T05:15:37.257Z"}
{"level":"debug","message":"Saving data!","timestamp":"2022-01-12T05:15:37.258Z"}
{"level":"info","message":"Added permission for {roleId: 869064758366732298} for {command: join}","timestamp":"2022-01-12T05:15:37.258Z"}
{"level":"debug","message":"Guild data: permissions set to [object Object]","timestamp":"2022-01-12T05:15:37.259Z"}
{"level":"debug","message":"Saving data!","timestamp":"2022-01-12T05:15:37.259Z"}
{"level":"info","message":"Added permission for {roleId: 869064758366732298} for {command: play}","timestamp":"2022-01-12T05:15:37.260Z"}
{"level":"debug","message":"Guild data: permissions set to [object Object]","timestamp":"2022-01-12T05:15:37.260Z"}
{"level":"debug","message":"Saving data!","timestamp":"2022-01-12T05:15:37.261Z"}
{"level":"info","message":"Added permission for {roleId: 869064758366732298} for {command: pause}","timestamp":"2022-01-12T05:15:37.262Z"}
{"level":"info","message":"Logged into discord, guild handler is ready!","timestamp":"2022-01-12T05:15:37.262Z"}
{"level":"debug","message":"Data save successful","timestamp":"2022-01-12T05:15:37.336Z"}
{"level":"debug","message":"Recieved {messageId: 930691526093307914} with {content: !set-channel} from {userId: 924810105243971665} in {channelId: 869298234886082630}. Determined {command: !set-channel}, {argument: }","timestamp":"2022-01-12T05:15:51.621Z"}
{"level":"debug","message":"Sending error message with {message: <@924810105243971665> !set-channel is not valid command!} to {channelId: 869298234886082630}","timestamp":"2022-01-12T05:15:51.622Z"}
{"level":"debug","message":"Permission rejected to command with {messageId: 930691526093307914}","timestamp":"2022-01-12T05:15:51.624Z"}
{"level":"debug","message":"Error message sent, {messageId: 930691526483406899}","timestamp":"2022-01-12T05:15:51.731Z"}
{"level":"debug","message":"Recieved {messageId: 930691543138983967} with {content: set-channel} from {userId: 924810105243971665} in {channelId: 869298234886082630}. Determined {command: set-channel}, {argument: }","timestamp":"2022-01-12T05:15:55.765Z"}
{"level":"debug","message":"Sending error message with {message: <@924810105243971665> You don't have permission to use the \"set-channel\" command!} to {channelId: 869298234886082630}","timestamp":"2022-01-12T05:15:55.766Z"}
{"level":"debug","message":"Permission rejected to command with {messageId: 930691543138983967}","timestamp":"2022-01-12T05:15:55.767Z"}
{"level":"debug","message":"Error message sent, {messageId: 930691543659061260}","timestamp":"2022-01-12T05:15:55.875Z"}
{"level":"info","message":"Creating guild handler for guild {id: 869064758366732298}","timestamp":"2022-01-12T05:16:21.244Z"}
{"level":"debug","message":"Connecting to mongodb database","timestamp":"2022-01-12T05:16:21.248Z"}
{"level":"debug","message":"No unsaved data found, requesting settings from database","timestamp":"2022-01-12T05:16:22.144Z"}
{"level":"debug","message":"Guild data retrieved. {data: ","timestamp":"2022-01-12T05:16:22.217Z"}
{"level":"debug","message":"\t{configured: true}","timestamp":"2022-01-12T05:16:22.219Z"}
{"level":"debug","message":"\t{guildId: \"869064758366732298\"}","timestamp":"2022-01-12T05:16:22.220Z"}
{"level":"debug","message":"\t{channelId: \"869298234886082630\"}","timestamp":"2022-01-12T05:16:22.221Z"}
{"level":"debug","message":"\t{prefix: \"!miku \"}","timestamp":"2022-01-12T05:16:22.222Z"}
{"level":"debug","message":"\t{filters: []}","timestamp":"2022-01-12T05:16:22.223Z"}
{"level":"debug","message":"\t{playlists: []}","timestamp":"2022-01-12T05:16:22.225Z"}
{"level":"debug","message":"\t{permissions: {}}","timestamp":"2022-01-12T05:16:22.226Z"}
{"level":"debug","message":"}","timestamp":"2022-01-12T05:16:22.227Z"}
{"level":"info","message":"Guild data ready, logging in to discord...","timestamp":"2022-01-12T05:16:22.228Z"}
{"level":"debug","message":"Saving data!","timestamp":"2022-01-12T05:16:22.230Z"}
{"level":"debug","message":"Data save successful","timestamp":"2022-01-12T05:16:22.306Z"}
{"level":"info","message":"Guild permissions have not been set, setting defaults.","timestamp":"2022-01-12T05:16:22.563Z"}
{"level":"debug","message":"Found @everyone role with {id: 869064758366732298}","timestamp":"2022-01-12T05:16:22.564Z"}
{"level":"debug","message":"Guild data: permissions set to [object Object]","timestamp":"2022-01-12T05:16:22.565Z"}
{"level":"debug","message":"Saving data!","timestamp":"2022-01-12T05:16:22.565Z"}
{"level":"info","message":"Added permission for {roleId: 869064758366732298} for {command: join}","timestamp":"2022-01-12T05:16:22.566Z"}
{"level":"debug","message":"Guild data: permissions set to [object Object]","timestamp":"2022-01-12T05:16:22.567Z"}
{"level":"debug","message":"Saving data!","timestamp":"2022-01-12T05:16:22.568Z"}
{"level":"info","message":"Added permission for {roleId: 869064758366732298} for {command: play}","timestamp":"2022-01-12T05:16:22.569Z"}
{"level":"debug","message":"Guild data: permissions set to [object Object]","timestamp":"2022-01-12T05:16:22.570Z"}
{"level":"debug","message":"Saving data!","timestamp":"2022-01-12T05:16:22.571Z"}
{"level":"info","message":"Added permission for {roleId: 869064758366732298} for {command: pause}","timestamp":"2022-01-12T05:16:22.572Z"}
{"level":"info","message":"Logged into discord, guild handler is ready!","timestamp":"2022-01-12T05:16:22.573Z"}
{"level":"debug","message":"Data save successful","timestamp":"2022-01-12T05:16:22.637Z"}
{"level":"debug","message":"Data save successful","timestamp":"2022-01-12T05:16:23.049Z"}
{"level":"debug","message":"Data save successful","timestamp":"2022-01-12T05:16:23.053Z"}
{"level":"debug","message":"Recieved {messageId: 930691698412113970} with {content: join} from {userId: 924810105243971665} in {channelId: 869298234886082630}. Determined {command: join}, {argument: }","timestamp":"2022-01-12T05:16:32.725Z"}
{"level":"info","message":"Creating guild handler for guild {id: 869064758366732298}","timestamp":"2022-01-12T05:17:00.443Z"}
{"level":"debug","message":"Connecting to mongodb database","timestamp":"2022-01-12T05:17:00.447Z"}
{"level":"debug","message":"No unsaved data found, requesting settings from database","timestamp":"2022-01-12T05:17:01.316Z"}
{"level":"debug","message":"Guild data retrieved. {data: ","timestamp":"2022-01-12T05:17:01.387Z"}
{"level":"debug","message":"\t{configured: true}","timestamp":"2022-01-12T05:17:01.388Z"}
{"level":"debug","message":"\t{guildId: \"869064758366732298\"}","timestamp":"2022-01-12T05:17:01.388Z"}
{"level":"debug","message":"\t{channelId: \"869298234886082630\"}","timestamp":"2022-01-12T05:17:01.389Z"}
{"level":"debug","message":"\t{prefix: \"!miku \"}","timestamp":"2022-01-12T05:17:01.389Z"}
{"level":"debug","message":"\t{filters: []}","timestamp":"2022-01-12T05:17:01.390Z"}
{"level":"debug","message":"\t{playlists: []}","timestamp":"2022-01-12T05:17:01.390Z"}
{"level":"debug","message":"\t{permissions: {}}","timestamp":"2022-01-12T05:17:01.391Z"}
{"level":"debug","message":"}","timestamp":"2022-01-12T05:17:01.391Z"}
{"level":"info","message":"Guild data ready, logging in to discord...","timestamp":"2022-01-12T05:17:01.392Z"}
{"level":"debug","message":"Saving data!","timestamp":"2022-01-12T05:17:01.393Z"}
{"level":"debug","message":"Data save successful","timestamp":"2022-01-12T05:17:01.498Z"}
{"level":"info","message":"Guild permissions have not been set, setting defaults.","timestamp":"2022-01-12T05:17:01.870Z"}
{"level":"debug","message":"Found @everyone role with {id: 869064758366732298}","timestamp":"2022-01-12T05:17:01.871Z"}
{"level":"debug","message":"Guild data: permissions set to [object Object]","timestamp":"2022-01-12T05:17:01.871Z"}
{"level":"debug","message":"Saving data!","timestamp":"2022-01-12T05:17:01.871Z"}
{"level":"info","message":"Added permission for {roleId: 869064758366732298} for {command: join}","timestamp":"2022-01-12T05:17:01.872Z"}
{"level":"debug","message":"Guild data: permissions set to [object Object]","timestamp":"2022-01-12T05:17:01.873Z"}
{"level":"debug","message":"Saving data!","timestamp":"2022-01-12T05:17:01.873Z"}
{"level":"info","message":"Added permission for {roleId: 869064758366732298} for {command: play}","timestamp":"2022-01-12T05:17:01.874Z"}
{"level":"debug","message":"Guild data: permissions set to [object Object]","timestamp":"2022-01-12T05:17:01.875Z"}
{"level":"debug","message":"Saving data!","timestamp":"2022-01-12T05:17:01.875Z"}
{"level":"info","message":"Added permission for {roleId: 869064758366732298} for {command: pause}","timestamp":"2022-01-12T05:17:01.876Z"}
{"level":"info","message":"Logged into discord, guild handler is ready!","timestamp":"2022-01-12T05:17:01.877Z"}
{"level":"debug","message":"Data save successful","timestamp":"2022-01-12T05:17:01.942Z"}
{"level":"debug","message":"Data save successful","timestamp":"2022-01-12T05:17:02.322Z"}
{"level":"debug","message":"Data save successful","timestamp":"2022-01-12T05:17:02.340Z"}
{"level":"debug","message":"Recieved {messageId: 930691822639013979} with {content: set-channel} from {userId: 924810105243971665} in {channelId: 869298234886082630}. Determined {command: set-channel}, {argument: }","timestamp":"2022-01-12T05:17:02.428Z"}
{"level":"debug","message":"Sending error message with {message: <@924810105243971665> You don't have permission to use the \"set-channel\" command!} to {channelId: 869298234886082630}","timestamp":"2022-01-12T05:17:02.430Z"}
{"level":"debug","message":"Permission rejected to command with {messageId: 930691822639013979}","timestamp":"2022-01-12T05:17:02.433Z"}
{"level":"debug","message":"Error message sent, {messageId: 930691823318466611}","timestamp":"2022-01-12T05:17:02.564Z"}
{"level":"info","message":"Creating guild handler for guild {id: 869064758366732298}","timestamp":"2022-01-12T05:20:15.134Z"}
{"level":"debug","message":"Connecting to mongodb database","timestamp":"2022-01-12T05:20:15.140Z"}
{"level":"debug","message":"No unsaved data found, requesting settings from database","timestamp":"2022-01-12T05:20:16.025Z"}
{"level":"debug","message":"Guild data retrieved. {data: ","timestamp":"2022-01-12T05:20:16.111Z"}
{"level":"debug","message":"\t{configured: true}","timestamp":"2022-01-12T05:20:16.112Z"}
{"level":"debug","message":"\t{guildId: \"869064758366732298\"}","timestamp":"2022-01-12T05:20:16.113Z"}
{"level":"debug","message":"\t{channelId: \"869298234886082630\"}","timestamp":"2022-01-12T05:20:16.113Z"}
{"level":"debug","message":"\t{prefix: \"!miku \"}","timestamp":"2022-01-12T05:20:16.113Z"}
{"level":"debug","message":"\t{filters: []}","timestamp":"2022-01-12T05:20:16.114Z"}
{"level":"debug","message":"\t{playlists: []}","timestamp":"2022-01-12T05:20:16.114Z"}
{"level":"debug","message":"\t{permissions: {}}","timestamp":"2022-01-12T05:20:16.115Z"}
{"level":"debug","message":"}","timestamp":"2022-01-12T05:20:16.115Z"}
{"level":"info","message":"Guild data ready, logging in to discord...","timestamp":"2022-01-12T05:20:16.116Z"}
{"level":"debug","message":"Saving data!","timestamp":"2022-01-12T05:20:16.116Z"}
{"level":"debug","message":"Data save successful","timestamp":"2022-01-12T05:20:16.189Z"}
{"level":"info","message":"Guild permissions have not been set, setting defaults.","timestamp":"2022-01-12T05:20:16.414Z"}
{"level":"debug","message":"Found @everyone role with {id: 869064758366732298}","timestamp":"2022-01-12T05:20:16.415Z"}
{"level":"debug","message":"Guild data: permissions set to [object Object]","timestamp":"2022-01-12T05:20:16.415Z"}
{"level":"debug","message":"Saving data!","timestamp":"2022-01-12T05:20:16.416Z"}
{"level":"info","message":"Added permission for {roleId: 869064758366732298} for {command: join}","timestamp":"2022-01-12T05:20:16.416Z"}
{"level":"debug","message":"Guild data: permissions set to [object Object]","timestamp":"2022-01-12T05:20:16.417Z"}
{"level":"debug","message":"Saving data!","timestamp":"2022-01-12T05:20:16.417Z"}
{"level":"info","message":"Added permission for {roleId: 869064758366732298} for {command: play}","timestamp":"2022-01-12T05:20:16.418Z"}
{"level":"debug","message":"Guild data: permissions set to [object Object]","timestamp":"2022-01-12T05:20:16.418Z"}
{"level":"debug","message":"Saving data!","timestamp":"2022-01-12T05:20:16.419Z"}
{"level":"info","message":"Added permission for {roleId: 869064758366732298} for {command: pause}","timestamp":"2022-01-12T05:20:16.420Z"}
{"level":"info","message":"Logged into discord, guild handler is ready!","timestamp":"2022-01-12T05:20:16.420Z"}
{"level":"debug","message":"Data save successful","timestamp":"2022-01-12T05:20:16.494Z"}
{"level":"debug","message":"Data save successful","timestamp":"2022-01-12T05:20:16.869Z"}
{"level":"debug","message":"Data save successful","timestamp":"2022-01-12T05:20:16.880Z"}
{"level":"debug","message":"Recieved {messageId: 930692655439052801} with {content: join} and {prefix: false} from {userId: 924810105243971665} in {channelId: 869298234886082630}. Determined {command: join}, {argument: }","timestamp":"2022-01-12T05:20:20.962Z"}
{"level":"info","message":"Creating guild handler for guild {id: 869064758366732298}","timestamp":"2022-01-12T05:23:29.222Z"}
{"level":"debug","message":"Connecting to mongodb database","timestamp":"2022-01-12T05:23:29.226Z"}
{"level":"debug","message":"No unsaved data found, requesting settings from database","timestamp":"2022-01-12T05:23:30.070Z"}
{"level":"debug","message":"Guild data retrieved. {data: ","timestamp":"2022-01-12T05:23:30.137Z"}
{"level":"debug","message":"\t{configured: true}","timestamp":"2022-01-12T05:23:30.138Z"}
{"level":"debug","message":"\t{guildId: \"869064758366732298\"}","timestamp":"2022-01-12T05:23:30.139Z"}
{"level":"debug","message":"\t{channelId: \"869298234886082630\"}","timestamp":"2022-01-12T05:23:30.140Z"}
{"level":"debug","message":"\t{prefix: \"!miku \"}","timestamp":"2022-01-12T05:23:30.140Z"}
{"level":"debug","message":"\t{filters: []}","timestamp":"2022-01-12T05:23:30.141Z"}
{"level":"debug","message":"\t{playlists: []}","timestamp":"2022-01-12T05:23:30.141Z"}
{"level":"debug","message":"\t{permissions: {}}","timestamp":"2022-01-12T05:23:30.142Z"}
{"level":"debug","message":"}","timestamp":"2022-01-12T05:23:30.143Z"}
{"level":"info","message":"Guild data ready, logging in to discord...","timestamp":"2022-01-12T05:23:30.144Z"}
{"level":"debug","message":"Saving data!","timestamp":"2022-01-12T05:23:30.145Z"}
{"level":"debug","message":"Data save successful","timestamp":"2022-01-12T05:23:30.214Z"}
{"level":"info","message":"Guild permissions have not been set, setting defaults.","timestamp":"2022-01-12T05:23:30.499Z"}
{"level":"debug","message":"Found @everyone role with {id: 869064758366732298}","timestamp":"2022-01-12T05:23:30.500Z"}
{"level":"debug","message":"Guild data: permissions set to [object Object]","timestamp":"2022-01-12T05:23:30.500Z"}
{"level":"debug","message":"Saving data!","timestamp":"2022-01-12T05:23:30.501Z"}
{"level":"info","message":"Added permission for {roleId: 869064758366732298} for {command: join}","timestamp":"2022-01-12T05:23:30.502Z"}
{"level":"debug","message":"Guild data: permissions set to [object Object]","timestamp":"2022-01-12T05:23:30.502Z"}
{"level":"debug","message":"Saving data!","timestamp":"2022-01-12T05:23:30.503Z"}
{"level":"info","message":"Added permission for {roleId: 869064758366732298} for {command: play}","timestamp":"2022-01-12T05:23:30.504Z"}
{"level":"debug","message":"Guild data: permissions set to [object Object]","timestamp":"2022-01-12T05:23:30.504Z"}
{"level":"debug","message":"Saving data!","timestamp":"2022-01-12T05:23:30.504Z"}
{"level":"info","message":"Added permission for {roleId: 869064758366732298} for {command: pause}","timestamp":"2022-01-12T05:23:30.505Z"}
{"level":"info","message":"Logged into discord, guild handler is ready!","timestamp":"2022-01-12T05:23:30.506Z"}
{"level":"debug","message":"Data save successful","timestamp":"2022-01-12T05:23:30.570Z"}
{"level":"debug","message":"Data save successful","timestamp":"2022-01-12T05:23:30.953Z"}
{"level":"debug","message":"Data save successful","timestamp":"2022-01-12T05:23:30.954Z"}
{"level":"debug","message":"Recieved {messageId: 930693458216243260} with {content: join} and {prefix: false} from {userId: 924810105243971665} in {channelId: 869298234886082630}. Determined {command: join}, {argument: }","timestamp":"2022-01-12T05:23:32.316Z"}
{"level":"info","message":"Creating guild handler for guild {id: 869064758366732298}","timestamp":"2022-01-12T05:24:00.965Z"}
{"level":"debug","message":"Connecting to mongodb database","timestamp":"2022-01-12T05:24:00.969Z"}
{"level":"debug","message":"No unsaved data found, requesting settings from database","timestamp":"2022-01-12T05:24:01.763Z"}
{"level":"debug","message":"Guild data retrieved. {data: ","timestamp":"2022-01-12T05:24:01.831Z"}
{"level":"debug","message":"\t{configured: true}","timestamp":"2022-01-12T05:24:01.832Z"}
{"level":"debug","message":"\t{guildId: \"869064758366732298\"}","timestamp":"2022-01-12T05:24:01.833Z"}
{"level":"debug","message":"\t{channelId: \"869298234886082630\"}","timestamp":"2022-01-12T05:24:01.833Z"}
{"level":"debug","message":"\t{prefix: \"!miku \"}","timestamp":"2022-01-12T05:24:01.834Z"}
{"level":"debug","message":"\t{filters: []}","timestamp":"2022-01-12T05:24:01.834Z"}
{"level":"debug","message":"\t{playlists: []}","timestamp":"2022-01-12T05:24:01.834Z"}
{"level":"debug","message":"\t{permissions: {}}","timestamp":"2022-01-12T05:24:01.835Z"}
{"level":"debug","message":"}","timestamp":"2022-01-12T05:24:01.835Z"}
{"level":"info","message":"Guild data ready, logging in to discord...","timestamp":"2022-01-12T05:24:01.836Z"}
{"level":"debug","message":"Saving data!","timestamp":"2022-01-12T05:24:01.836Z"}
{"level":"debug","message":"Data save successful","timestamp":"2022-01-12T05:24:01.909Z"}
{"level":"info","message":"Guild permissions have not been set, setting defaults.","timestamp":"2022-01-12T05:24:02.192Z"}
{"level":"debug","message":"Found @everyone role with {id: 869064758366732298}","timestamp":"2022-01-12T05:24:02.193Z"}
{"level":"debug","message":"Guild data: permissions set to [object Object]","timestamp":"2022-01-12T05:24:02.194Z"}
{"level":"debug","message":"Saving data!","timestamp":"2022-01-12T05:24:02.194Z"}
{"level":"info","message":"Added permission for {roleId: 869064758366732298} for {command: join}","timestamp":"2022-01-12T05:24:02.195Z"}
{"level":"debug","message":"Guild data: permissions set to [object Object]","timestamp":"2022-01-12T05:24:02.195Z"}
{"level":"debug","message":"Saving data!","timestamp":"2022-01-12T05:24:02.196Z"}
{"level":"info","message":"Added permission for {roleId: 869064758366732298} for {command: play}","timestamp":"2022-01-12T05:24:02.197Z"}
{"level":"debug","message":"Guild data: permissions set to [object Object]","timestamp":"2022-01-12T05:24:02.197Z"}
{"level":"debug","message":"Saving data!","timestamp":"2022-01-12T05:24:02.197Z"}
{"level":"info","message":"Added permission for {roleId: 869064758366732298} for {command: pause}","timestamp":"2022-01-12T05:24:02.198Z"}
{"level":"info","message":"Logged into discord, guild handler is ready!","timestamp":"2022-01-12T05:24:02.199Z"}
{"level":"debug","message":"Data save successful","timestamp":"2022-01-12T05:24:02.264Z"}
{"level":"debug","message":"Data save successful","timestamp":"2022-01-12T05:24:02.634Z"}
{"level":"debug","message":"Data save successful","timestamp":"2022-01-12T05:24:02.637Z"}
{"level":"debug","message":"Recieved {messageId: 930693701150318642} with {content: join} and {prefix: false} from {userId: 924810105243971665} in {channelId: 869298234886082630}. Determined {command: join}, {argument: }","timestamp":"2022-01-12T05:24:30.214Z"}
{"level":"info","message":"Creating guild handler for guild {id: 869064758366732298}","timestamp":"2022-01-12T05:26:24.117Z"}
{"level":"debug","message":"Connecting to mongodb database","timestamp":"2022-01-12T05:26:24.121Z"}
{"level":"debug","message":"No unsaved data found, requesting settings from database","timestamp":"2022-01-12T05:26:25.105Z"}
{"level":"debug","message":"Guild data retrieved. {data: ","timestamp":"2022-01-12T05:26:25.195Z"}
{"level":"debug","message":"\t{configured: true}","timestamp":"2022-01-12T05:26:25.197Z"}
{"level":"debug","message":"\t{guildId: \"869064758366732298\"}","timestamp":"2022-01-12T05:26:25.199Z"}
{"level":"debug","message":"\t{channelId: \"869298234886082630\"}","timestamp":"2022-01-12T05:26:25.200Z"}
{"level":"debug","message":"\t{prefix: \"!miku \"}","timestamp":"2022-01-12T05:26:25.201Z"}
{"level":"debug","message":"\t{filters: []}","timestamp":"2022-01-12T05:26:25.203Z"}
{"level":"debug","message":"\t{playlists: []}","timestamp":"2022-01-12T05:26:25.204Z"}
{"level":"debug","message":"\t{permissions: {}}","timestamp":"2022-01-12T05:26:25.205Z"}
{"level":"debug","message":"}","timestamp":"2022-01-12T05:26:25.207Z"}
{"level":"info","message":"Guild data ready, logging in to discord...","timestamp":"2022-01-12T05:26:25.208Z"}
{"level":"debug","message":"Saving data!","timestamp":"2022-01-12T05:26:25.216Z"}
{"level":"debug","message":"Data save successful","timestamp":"2022-01-12T05:26:25.291Z"}
{"level":"info","message":"Guild permissions have not been set, setting defaults.","timestamp":"2022-01-12T05:26:25.621Z"}
{"level":"debug","message":"Found @everyone role with {id: 869064758366732298}","timestamp":"2022-01-12T05:26:25.628Z"}
{"level":"debug","message":"Guild data: permissions set to [object Object]","timestamp":"2022-01-12T05:26:25.632Z"}
{"level":"debug","message":"Saving data!","timestamp":"2022-01-12T05:26:25.636Z"}
{"level":"info","message":"Added permission for {roleId: 869064758366732298} for {command: join}","timestamp":"2022-01-12T05:26:25.641Z"}
{"level":"debug","message":"Guild data: permissions set to [object Object]","timestamp":"2022-01-12T05:26:25.642Z"}
{"level":"debug","message":"Saving data!","timestamp":"2022-01-12T05:26:25.645Z"}
{"level":"info","message":"Added permission for {roleId: 869064758366732298} for {command: play}","timestamp":"2022-01-12T05:26:25.648Z"}
{"level":"debug","message":"Guild data: permissions set to [object Object]","timestamp":"2022-01-12T05:26:25.650Z"}
{"level":"debug","message":"Saving data!","timestamp":"2022-01-12T05:26:25.653Z"}
{"level":"info","message":"Added permission for {roleId: 869064758366732298} for {command: pause}","timestamp":"2022-01-12T05:26:25.657Z"}
{"level":"info","message":"Logged into discord, guild handler is ready!","timestamp":"2022-01-12T05:26:25.659Z"}
{"level":"debug","message":"Data save successful","timestamp":"2022-01-12T05:26:25.729Z"}
{"level":"debug","message":"Data save successful","timestamp":"2022-01-12T05:26:26.134Z"}
{"level":"debug","message":"Data save successful","timestamp":"2022-01-12T05:26:26.150Z"}
{"level":"debug","message":"Recieved {messageId: 930694217620160572} with {content: join} and {prefix: false} from {userId: 924810105243971665} in {channelId: 869298234886082630}. Determined {command: join}, {argument: }","timestamp":"2022-01-12T05:26:33.353Z"}
